TN:
SF:ai/RocketAI.js
FN:4,(anonymous_0)
FN:83,(anonymous_1)
FN:99,(anonymous_2)
FN:137,(anonymous_3)
FN:142,(anonymous_4)
FN:143,(anonymous_5)
FN:144,(anonymous_6)
FN:145,(anonymous_7)
FN:146,(anonymous_8)
FN:147,(anonymous_9)
FN:148,(anonymous_10)
FN:152,(anonymous_11)
FN:169,(anonymous_12)
FN:176,(anonymous_13)
FN:193,(anonymous_14)
FN:209,(anonymous_15)
FN:233,(anonymous_16)
FN:264,(anonymous_17)
FN:362,(anonymous_18)
FN:369,(anonymous_19)
FN:378,(anonymous_20)
FN:481,(anonymous_21)
FN:497,(anonymous_22)
FN:515,(anonymous_23)
FN:531,(anonymous_24)
FN:549,(anonymous_25)
FN:572,(anonymous_26)
FN:578,(anonymous_27)
FN:584,(anonymous_28)
FN:593,(anonymous_29)
FN:599,(anonymous_30)
FN:615,(anonymous_31)
FN:616,(anonymous_32)
FN:624,(anonymous_33)
FN:625,(anonymous_34)
FN:636,(anonymous_35)
FN:669,(anonymous_36)
FN:675,(anonymous_37)
FN:687,(anonymous_38)
FN:689,(anonymous_39)
FN:700,(anonymous_40)
FN:701,(anonymous_41)
FN:711,(anonymous_42)
FN:724,(anonymous_43)
FN:725,(anonymous_44)
FN:728,(anonymous_45)
FN:774,(anonymous_46)
FN:781,(anonymous_47)
FN:791,(anonymous_48)
FN:811,(anonymous_49)
FN:823,(anonymous_50)
FN:835,(anonymous_51)
FN:841,(anonymous_52)
FN:852,(anonymous_53)
FN:909,(anonymous_54)
FN:920,(anonymous_55)
FN:935,(anonymous_56)
FNF:57
FNH:0
FNDA:0,(anonymous_0)
FNDA:0,(anonymous_1)
FNDA:0,(anonymous_2)
FNDA:0,(anonymous_3)
FNDA:0,(anonymous_4)
FNDA:0,(anonymous_5)
FNDA:0,(anonymous_6)
FNDA:0,(anonymous_7)
FNDA:0,(anonymous_8)
FNDA:0,(anonymous_9)
FNDA:0,(anonymous_10)
FNDA:0,(anonymous_11)
FNDA:0,(anonymous_12)
FNDA:0,(anonymous_13)
FNDA:0,(anonymous_14)
FNDA:0,(anonymous_15)
FNDA:0,(anonymous_16)
FNDA:0,(anonymous_17)
FNDA:0,(anonymous_18)
FNDA:0,(anonymous_19)
FNDA:0,(anonymous_20)
FNDA:0,(anonymous_21)
FNDA:0,(anonymous_22)
FNDA:0,(anonymous_23)
FNDA:0,(anonymous_24)
FNDA:0,(anonymous_25)
FNDA:0,(anonymous_26)
FNDA:0,(anonymous_27)
FNDA:0,(anonymous_28)
FNDA:0,(anonymous_29)
FNDA:0,(anonymous_30)
FNDA:0,(anonymous_31)
FNDA:0,(anonymous_32)
FNDA:0,(anonymous_33)
FNDA:0,(anonymous_34)
FNDA:0,(anonymous_35)
FNDA:0,(anonymous_36)
FNDA:0,(anonymous_37)
FNDA:0,(anonymous_38)
FNDA:0,(anonymous_39)
FNDA:0,(anonymous_40)
FNDA:0,(anonymous_41)
FNDA:0,(anonymous_42)
FNDA:0,(anonymous_43)
FNDA:0,(anonymous_44)
FNDA:0,(anonymous_45)
FNDA:0,(anonymous_46)
FNDA:0,(anonymous_47)
FNDA:0,(anonymous_48)
FNDA:0,(anonymous_49)
FNDA:0,(anonymous_50)
FNDA:0,(anonymous_51)
FNDA:0,(anonymous_52)
FNDA:0,(anonymous_53)
FNDA:0,(anonymous_54)
FNDA:0,(anonymous_55)
FNDA:0,(anonymous_56)
DA:6,0
DA:9,0
DA:10,0
DA:11,0
DA:12,0
DA:13,0
DA:16,0
DA:17,0
DA:20,0
DA:29,0
DA:30,0
DA:33,0
DA:36,0
DA:49,0
DA:58,0
DA:59,0
DA:60,0
DA:61,0
DA:62,0
DA:63,0
DA:66,0
DA:69,0
DA:79,0
DA:85,0
DA:88,0
DA:89,0
DA:92,0
DA:100,0
DA:103,0
DA:110,0
DA:113,0
DA:119,0
DA:122,0
DA:128,0
DA:133,0
DA:138,0
DA:143,0
DA:144,0
DA:145,0
DA:146,0
DA:147,0
DA:148,0
DA:153,0
DA:154,0
DA:155,0
DA:158,0
DA:161,0
DA:162,0
DA:163,0
DA:164,0
DA:170,0
DA:171,0
DA:172,0
DA:177,0
DA:178,0
DA:181,0
DA:182,0
DA:184,0
DA:187,0
DA:194,0
DA:195,0
DA:196,0
DA:197,0
DA:198,0
DA:199,0
DA:201,0
DA:202,0
DA:203,0
DA:205,0
DA:211,0
DA:214,0
DA:215,0
DA:218,0
DA:227,0
DA:228,0
DA:232,0
DA:233,0
DA:234,0
DA:239,0
DA:240,0
DA:244,0
DA:248,0
DA:249,0
DA:252,0
DA:255,0
DA:256,0
DA:259,0
DA:260,0
DA:265,0
DA:266,0
DA:270,0
DA:271,0
DA:273,0
DA:274,0
DA:275,0
DA:276,0
DA:280,0
DA:281,0
DA:282,0
DA:283,0
DA:288,0
DA:289,0
DA:290,0
DA:293,0
DA:294,0
DA:295,0
DA:299,0
DA:302,0
DA:303,0
DA:304,0
DA:305,0
DA:308,0
DA:309,0
DA:313,0
DA:314,0
DA:315,0
DA:316,0
DA:317,0
DA:320,0
DA:321,0
DA:322,0
DA:323,0
DA:324,0
DA:325,0
DA:326,0
DA:328,0
DA:342,0
DA:343,0
DA:344,0
DA:345,0
DA:350,0
DA:354,0
DA:355,0
DA:358,0
DA:364,0
DA:366,0
DA:369,0
DA:370,0
DA:371,0
DA:372,0
DA:380,0
DA:381,0
DA:382,0
DA:386,0
DA:388,0
DA:389,0
DA:393,0
DA:394,0
DA:395,0
DA:398,0
DA:399,0
DA:400,0
DA:404,0
DA:405,0
DA:406,0
DA:409,0
DA:412,0
DA:413,0
DA:414,0
DA:415,0
DA:416,0
DA:417,0
DA:418,0
DA:419,0
DA:420,0
DA:421,0
DA:422,0
DA:423,0
DA:425,0
DA:429,0
DA:431,0
DA:432,0
DA:435,0
DA:436,0
DA:437,0
DA:440,0
DA:441,0
DA:442,0
DA:443,0
DA:447,0
DA:448,0
DA:453,0
DA:454,0
DA:455,0
DA:459,0
DA:460,0
DA:464,0
DA:467,0
DA:468,0
DA:469,0
DA:473,0
DA:474,0
DA:477,0
DA:482,0
DA:485,0
DA:487,0
DA:496,0
DA:497,0
DA:498,0
DA:504,0
DA:505,0
DA:506,0
DA:509,0
DA:510,0
DA:516,0
DA:519,0
DA:521,0
DA:530,0
DA:531,0
DA:532,0
DA:538,0
DA:539,0
DA:540,0
DA:543,0
DA:544,0
DA:550,0
DA:551,0
DA:553,0
DA:556,0
DA:557,0
DA:558,0
DA:559,0
DA:562,0
DA:565,0
DA:566,0
DA:568,0
DA:569,0
DA:572,0
DA:573,0
DA:578,0
DA:579,0
DA:580,0
DA:581,0
DA:584,0
DA:585,0
DA:586,0
DA:588,0
DA:590,0
DA:593,0
DA:594,0
DA:595,0
DA:596,0
DA:599,0
DA:600,0
DA:601,0
DA:603,0
DA:605,0
DA:609,0
DA:610,0
DA:611,0
DA:615,0
DA:616,0
DA:618,0
DA:619,0
DA:620,0
DA:624,0
DA:625,0
DA:628,0
DA:629,0
DA:632,0
DA:633,0
DA:636,0
DA:639,0
DA:640,0
DA:641,0
DA:643,0
DA:646,0
DA:647,0
DA:652,0
DA:653,0
DA:655,0
DA:656,0
DA:662,0
DA:665,0
DA:666,0
DA:669,0
DA:670,0
DA:672,0
DA:673,0
DA:675,0
DA:676,0
DA:677,0
DA:680,0
DA:683,0
DA:684,0
DA:685,0
DA:687,0
DA:688,0
DA:689,0
DA:690,0
DA:691,0
DA:692,0
DA:696,0
DA:697,0
DA:698,0
DA:699,0
DA:700,0
DA:701,0
DA:703,0
DA:704,0
DA:706,0
DA:707,0
DA:711,0
DA:712,0
DA:713,0
DA:716,0
DA:721,0
DA:722,0
DA:723,0
DA:724,0
DA:725,0
DA:728,0
DA:729,0
DA:730,0
DA:736,0
DA:737,0
DA:739,0
DA:740,0
DA:741,0
DA:746,0
DA:747,0
DA:751,0
DA:754,0
DA:765,0
DA:766,0
DA:769,0
DA:775,0
DA:776,0
DA:782,0
DA:783,0
DA:784,0
DA:786,0
DA:792,0
DA:793,0
DA:794,0
DA:800,0
DA:802,0
DA:803,0
DA:805,0
DA:806,0
DA:812,0
DA:824,0
DA:836,0
DA:837,0
DA:842,0
DA:844,0
DA:845,0
DA:847,0
DA:853,0
DA:856,0
DA:857,0
DA:858,0
DA:861,0
DA:864,0
DA:867,0
DA:870,0
DA:871,0
DA:872,0
DA:875,0
DA:876,0
DA:877,0
DA:878,0
DA:883,0
DA:884,0
DA:887,0
DA:890,0
DA:892,0
DA:893,0
DA:895,0
DA:898,0
DA:900,0
DA:902,0
DA:910,0
DA:913,0
DA:916,0
DA:936,0
DA:937,0
DA:938,0
DA:939,0
DA:940,0
DA:942,0
DA:956,0
LF:382
LH:0
BRDA:155,0,0,0
BRDA:155,0,1,0
BRDA:161,1,0,0
BRDA:161,1,1,0
BRDA:171,2,0,0
BRDA:171,2,1,0
BRDA:181,3,0,0
BRDA:181,3,1,0
BRDA:181,4,0,0
BRDA:181,4,1,0
BRDA:182,5,0,0
BRDA:182,5,1,0
BRDA:195,6,0,0
BRDA:195,6,1,0
BRDA:196,7,0,0
BRDA:196,7,1,0
BRDA:197,8,0,0
BRDA:197,8,1,0
BRDA:198,9,0,0
BRDA:198,9,1,0
BRDA:199,10,0,0
BRDA:199,10,1,0
BRDA:201,11,0,0
BRDA:201,11,1,0
BRDA:214,12,0,0
BRDA:214,12,1,0
BRDA:214,13,0,0
BRDA:214,13,1,0
BRDA:227,14,0,0
BRDA:227,14,1,0
BRDA:232,15,0,0
BRDA:232,15,1,0
BRDA:232,16,0,0
BRDA:232,16,1,0
BRDA:239,17,0,0
BRDA:239,17,1,0
BRDA:265,18,0,0
BRDA:265,18,1,0
BRDA:265,19,0,0
BRDA:265,19,1,0
BRDA:274,20,0,0
BRDA:274,20,1,0
BRDA:274,21,0,0
BRDA:274,21,1,0
BRDA:281,22,0,0
BRDA:281,22,1,0
BRDA:281,23,0,0
BRDA:281,23,1,0
BRDA:293,24,0,0
BRDA:293,24,1,0
BRDA:293,25,0,0
BRDA:293,25,1,0
BRDA:304,26,0,0
BRDA:304,26,1,0
BRDA:305,27,0,0
BRDA:305,27,1,0
BRDA:344,28,0,0
BRDA:344,28,1,0
BRDA:344,29,0,0
BRDA:344,29,1,0
BRDA:354,30,0,0
BRDA:354,30,1,0
BRDA:364,31,0,0
BRDA:364,31,1,0
BRDA:380,32,0,0
BRDA:380,32,1,0
BRDA:380,33,0,0
BRDA:380,33,1,0
BRDA:386,34,0,0
BRDA:386,34,1,0
BRDA:386,35,0,0
BRDA:386,35,1,0
BRDA:386,35,2,0
BRDA:386,35,3,0
BRDA:398,36,0,0
BRDA:398,36,1,0
BRDA:398,37,0,0
BRDA:398,37,1,0
BRDA:404,38,0,0
BRDA:404,38,1,0
BRDA:412,39,0,0
BRDA:412,39,1,0
BRDA:414,40,0,0
BRDA:414,40,1,0
BRDA:416,41,0,0
BRDA:416,41,1,0
BRDA:418,42,0,0
BRDA:418,42,1,0
BRDA:420,43,0,0
BRDA:420,43,1,0
BRDA:422,44,0,0
BRDA:422,44,1,0
BRDA:429,45,0,0
BRDA:429,45,1,0
BRDA:429,46,0,0
BRDA:429,46,1,0
BRDA:436,47,0,0
BRDA:436,47,1,0
BRDA:437,48,0,0
BRDA:437,48,1,0
BRDA:440,49,0,0
BRDA:440,49,1,0
BRDA:440,50,0,0
BRDA:440,50,1,0
BRDA:442,51,0,0
BRDA:442,51,1,0
BRDA:442,52,0,0
BRDA:442,52,1,0
BRDA:447,53,0,0
BRDA:447,53,1,0
BRDA:453,54,0,0
BRDA:453,54,1,0
BRDA:454,55,0,0
BRDA:454,55,1,0
BRDA:459,56,0,0
BRDA:459,56,1,0
BRDA:467,57,0,0
BRDA:467,57,1,0
BRDA:473,58,0,0
BRDA:473,58,1,0
BRDA:473,59,0,0
BRDA:473,59,1,0
BRDA:482,60,0,0
BRDA:482,60,1,0
BRDA:482,61,0,0
BRDA:482,61,1,0
BRDA:485,62,0,0
BRDA:485,62,1,0
BRDA:485,63,0,0
BRDA:485,63,1,0
BRDA:496,64,0,0
BRDA:496,64,1,0
BRDA:509,65,0,0
BRDA:509,65,1,0
BRDA:516,66,0,0
BRDA:516,66,1,0
BRDA:516,67,0,0
BRDA:516,67,1,0
BRDA:519,68,0,0
BRDA:519,68,1,0
BRDA:519,69,0,0
BRDA:519,69,1,0
BRDA:530,70,0,0
BRDA:530,70,1,0
BRDA:543,71,0,0
BRDA:543,71,1,0
BRDA:553,72,0,0
BRDA:553,72,1,0
BRDA:556,73,0,0
BRDA:556,73,1,0
BRDA:579,74,0,0
BRDA:579,74,1,0
BRDA:579,75,0,0
BRDA:579,75,1,0
BRDA:585,76,0,0
BRDA:585,76,1,0
BRDA:585,77,0,0
BRDA:585,77,1,0
BRDA:594,78,0,0
BRDA:594,78,1,0
BRDA:594,79,0,0
BRDA:594,79,1,0
BRDA:600,80,0,0
BRDA:600,80,1,0
BRDA:600,81,0,0
BRDA:600,81,1,0
BRDA:609,82,0,0
BRDA:609,82,1,0
BRDA:609,83,0,0
BRDA:609,83,1,0
BRDA:618,84,0,0
BRDA:618,84,1,0
BRDA:618,85,0,0
BRDA:618,85,1,0
BRDA:641,86,0,0
BRDA:641,86,1,0
BRDA:665,87,0,0
BRDA:665,87,1,0
BRDA:665,88,0,0
BRDA:665,88,1,0
BRDA:690,89,0,0
BRDA:690,89,1,0
BRDA:691,90,0,0
BRDA:691,90,1,0
BRDA:703,91,0,0
BRDA:703,91,1,0
BRDA:706,92,0,0
BRDA:706,92,1,0
BRDA:721,93,0,0
BRDA:721,93,1,0
BRDA:729,94,0,0
BRDA:729,94,1,0
BRDA:746,95,0,0
BRDA:746,95,1,0
BRDA:756,96,0,0
BRDA:756,96,1,0
BRDA:757,97,0,0
BRDA:757,97,1,0
BRDA:775,98,0,0
BRDA:775,98,1,0
BRDA:814,99,0,0
BRDA:814,99,1,0
BRDA:816,100,0,0
BRDA:816,100,1,0
BRDA:818,101,0,0
BRDA:818,101,1,0
BRDA:842,102,0,0
BRDA:842,102,1,0
BRDA:853,103,0,0
BRDA:853,103,1,0
BRDA:853,104,0,0
BRDA:853,104,1,0
BRDA:871,105,0,0
BRDA:871,105,1,0
BRDA:872,106,0,0
BRDA:872,106,1,0
BRDA:875,107,0,0
BRDA:875,107,1,0
BRDA:877,108,0,0
BRDA:877,108,1,0
BRDA:890,109,0,0
BRDA:890,109,1,0
BRDA:890,110,0,0
BRDA:890,110,1,0
BRDA:890,110,2,0
BRDA:893,111,0,0
BRDA:893,111,1,0
BRDA:893,112,0,0
BRDA:893,112,1,0
BRDA:893,112,2,0
BRDA:900,113,0,0
BRDA:900,113,1,0
BRDA:910,114,0,0
BRDA:910,114,1,0
BRDA:936,115,0,0
BRDA:936,115,1,0
BRDA:937,116,0,0
BRDA:937,116,1,0
BRDA:938,117,0,0
BRDA:938,117,1,0
BRDA:939,118,0,0
BRDA:939,118,1,0
BRDA:940,119,0,0
BRDA:940,119,1,0
BRF:244
BRH:0
end_of_record
TN:
SF:ai/scripts/ControllerContainer.js
FN:2,(anonymous_0)
FN:11,(anonymous_1)
FN:23,(anonymous_2)
FN:25,(anonymous_3)
FNF:4
FNH:0
FNDA:0,(anonymous_0)
FNDA:0,(anonymous_1)
FNDA:0,(anonymous_2)
FNDA:0,(anonymous_3)
DA:3,0
DA:4,0
DA:12,0
DA:13,0
DA:15,0
DA:24,0
DA:25,0
DA:26,0
DA:27,0
DA:29,0
DA:32,0
DA:47,0
LF:12
LH:0
BRDA:12,0,0,0
BRDA:12,0,1,0
BRF:2
BRH:0
end_of_record
TN:
SF:ai/scripts/train.js
FN:31,demonstrateTraining
FN:58,setupTrainingEventListeners
FN:60,(anonymous_2)
FN:65,(anonymous_3)
FN:69,(anonymous_4)
FN:80,(anonymous_5)
FN:88,(anonymous_6)
FN:104,(anonymous_7)
FN:112,provideFeedback
FN:151,quickTraining
FN:172,benchmarkEnvironment
FN:217,testEvaluationMode
FN:296,(anonymous_12)
FN:316,diagnosticComplet
FN:367,(anonymous_14)
FN:374,(anonymous_15)
FN:392,(anonymous_16)
FN:393,(anonymous_17)
FN:401,(anonymous_18)
FN:402,(anonymous_19)
FN:405,(anonymous_20)
FN:411,(anonymous_21)
FN:414,(anonymous_22)
FN:432,(anonymous_23)
FN:461,testUpdateFrequency
FN:475,(anonymous_25)
FNF:26
FNH:0
FNDA:0,demonstrateTraining
FNDA:0,setupTrainingEventListeners
FNDA:0,(anonymous_2)
FNDA:0,(anonymous_3)
FNDA:0,(anonymous_4)
FNDA:0,(anonymous_5)
FNDA:0,(anonymous_6)
FNDA:0,(anonymous_7)
FNDA:0,provideFeedback
FNDA:0,quickTraining
FNDA:0,benchmarkEnvironment
FNDA:0,testEvaluationMode
FNDA:0,(anonymous_12)
FNDA:0,diagnosticComplet
FNDA:0,(anonymous_14)
FNDA:0,(anonymous_15)
FNDA:0,(anonymous_16)
FNDA:0,(anonymous_17)
FNDA:0,(anonymous_18)
FNDA:0,(anonymous_19)
FNDA:0,(anonymous_20)
FNDA:0,(anonymous_21)
FNDA:0,(anonymous_22)
FNDA:0,(anonymous_23)
FNDA:0,testUpdateFrequency
FNDA:0,(anonymous_25)
DA:8,0
DA:32,0
DA:33,0
DA:35,0
DA:37,0
DA:38,0
DA:41,0
DA:43,0
DA:44,0
DA:47,0
DA:48,0
DA:51,0
DA:60,0
DA:61,0
DA:65,0
DA:66,0
DA:67,0
DA:68,0
DA:69,0
DA:70,0
DA:72,0
DA:80,0
DA:81,0
DA:88,0
DA:89,0
DA:90,0
DA:91,0
DA:92,0
DA:93,0
DA:94,0
DA:95,0
DA:96,0
DA:97,0
DA:100,0
DA:104,0
DA:105,0
DA:113,0
DA:114,0
DA:116,0
DA:117,0
DA:118,0
DA:119,0
DA:120,0
DA:121,0
DA:122,0
DA:123,0
DA:124,0
DA:125,0
DA:126,0
DA:128,0
DA:129,0
DA:130,0
DA:131,0
DA:134,0
DA:135,0
DA:136,0
DA:137,0
DA:138,0
DA:141,0
DA:142,0
DA:143,0
DA:144,0
DA:145,0
DA:152,0
DA:160,0
DA:162,0
DA:163,0
DA:164,0
DA:166,0
DA:173,0
DA:175,0
DA:185,0
DA:186,0
DA:188,0
DA:189,0
DA:190,0
DA:191,0
DA:193,0
DA:195,0
DA:200,0
DA:201,0
DA:202,0
DA:203,0
DA:207,0
DA:208,0
DA:210,0
DA:211,0
DA:218,0
DA:219,0
DA:221,0
DA:222,0
DA:223,0
DA:226,0
DA:227,0
DA:229,0
DA:232,0
DA:242,0
DA:243,0
DA:245,0
DA:246,0
DA:247,0
DA:248,0
DA:249,0
DA:251,0
DA:253,0
DA:267,0
DA:270,0
DA:277,0
DA:279,0
DA:280,0
DA:281,0
DA:282,0
DA:283,0
DA:286,0
DA:287,0
DA:288,0
DA:291,0
DA:292,0
DA:294,0
DA:295,0
DA:296,0
DA:297,0
DA:299,0
DA:300,0
DA:302,0
DA:306,0
DA:309,0
DA:317,0
DA:318,0
DA:320,0
DA:321,0
DA:322,0
DA:325,0
DA:326,0
DA:327,0
DA:328,0
DA:331,0
DA:332,0
DA:333,0
DA:334,0
DA:335,0
DA:337,0
DA:338,0
DA:339,0
DA:341,0
DA:345,0
DA:346,0
DA:347,0
DA:348,0
DA:349,0
DA:352,0
DA:353,0
DA:355,0
DA:356,0
DA:357,0
DA:358,0
DA:360,0
DA:364,0
DA:365,0
DA:366,0
DA:367,0
DA:368,0
DA:370,0
DA:373,0
DA:374,0
DA:375,0
DA:376,0
DA:379,0
DA:383,0
DA:386,0
DA:387,0
DA:388,0
DA:389,0
DA:392,0
DA:393,0
DA:395,0
DA:396,0
DA:398,0
DA:399,0
DA:401,0
DA:402,0
DA:405,0
DA:406,0
DA:407,0
DA:408,0
DA:411,0
DA:414,0
DA:415,0
DA:416,0
DA:418,0
DA:422,0
DA:425,0
DA:432,0
DA:434,0
DA:435,0
DA:437,0
DA:438,0
DA:439,0
DA:440,0
DA:442,0
DA:444,0
DA:446,0
DA:448,0
DA:451,0
DA:454,0
DA:462,0
DA:463,0
DA:465,0
DA:466,0
DA:467,0
DA:469,0
DA:472,0
DA:473,0
DA:475,0
DA:476,0
DA:477,0
DA:478,0
DA:482,0
DA:483,0
DA:484,0
DA:493,0
DA:496,0
DA:497,0
DA:499,0
DA:500,0
DA:504,0
DA:508,0
DA:509,0
DA:512,0
DA:513,0
DA:517,0
DA:519,0
DA:520,0
DA:521,0
DA:522,0
DA:523,0
DA:525,0
DA:526,0
DA:527,0
DA:528,0
DA:530,0
DA:534,0
DA:537,0
DA:542,0
DA:543,0
DA:544,0
DA:545,0
DA:546,0
DA:547,0
DA:548,0
DA:551,0
DA:552,0
DA:553,0
DA:554,0
DA:555,0
DA:556,0
DA:557,0
DA:561,0
DA:562,0
LF:259
LH:0
BRDA:66,0,0,0
BRDA:66,0,1,0
BRDA:68,1,0,0
BRDA:68,1,1,0
BRDA:75,2,0,0
BRDA:75,2,1,0
BRDA:116,3,0,0
BRDA:116,3,1,0
BRDA:122,4,0,0
BRDA:122,4,1,0
BRDA:134,5,0,0
BRDA:134,5,1,0
BRDA:193,6,0,0
BRDA:193,6,1,0
BRDA:196,7,0,0
BRDA:196,7,1,0
BRDA:251,8,0,0
BRDA:251,8,1,0
BRDA:254,9,0,0
BRDA:254,9,1,0
BRDA:255,10,0,0
BRDA:255,10,1,0
BRDA:256,11,0,0
BRDA:256,11,1,0
BRDA:257,12,0,0
BRDA:257,12,1,0
BRDA:258,13,0,0
BRDA:258,13,1,0
BRDA:259,14,0,0
BRDA:259,14,1,0
BRDA:260,15,0,0
BRDA:260,15,1,0
BRDA:260,16,0,0
BRDA:260,16,1,0
BRDA:261,17,0,0
BRDA:261,17,1,0
BRDA:261,18,0,0
BRDA:261,18,1,0
BRDA:277,19,0,0
BRDA:277,19,1,0
BRDA:299,20,0,0
BRDA:299,20,1,0
BRDA:333,21,0,0
BRDA:333,21,1,0
BRDA:338,22,0,0
BRDA:338,22,1,0
BRDA:355,23,0,0
BRDA:355,23,1,0
BRDA:357,24,0,0
BRDA:357,24,1,0
BRDA:365,25,0,0
BRDA:365,25,1,0
BRDA:368,26,0,0
BRDA:368,26,1,0
BRDA:375,27,0,0
BRDA:375,27,1,0
BRDA:415,28,0,0
BRDA:415,28,1,0
BRDA:437,29,0,0
BRDA:437,29,1,0
BRDA:439,30,0,0
BRDA:439,30,1,0
BRDA:446,31,0,0
BRDA:446,31,1,0
BRDA:512,32,0,0
BRDA:512,32,1,0
BRDA:512,33,0,0
BRDA:512,33,1,0
BRDA:525,34,0,0
BRDA:525,34,1,0
BRDA:527,35,0,0
BRDA:527,35,1,0
BRDA:542,36,0,0
BRDA:542,36,1,0
BRDA:561,37,0,0
BRDA:561,37,1,0
BRDA:561,38,0,0
BRDA:561,38,1,0
BRF:78
BRH:0
end_of_record
TN:
SF:ai/training/HeadlessRocketEnvironment.js
FN:28,(anonymous_0)
FN:86,(anonymous_1)
FN:99,(anonymous_2)
FN:214,(anonymous_3)
FN:229,(anonymous_4)
FN:250,(anonymous_5)
FN:347,(anonymous_6)
FN:379,(anonymous_7)
FN:413,(anonymous_8)
FN:440,(anonymous_9)
FN:497,(anonymous_10)
FN:524,(anonymous_11)
FN:528,(anonymous_12)
FN:570,(anonymous_13)
FN:574,(anonymous_14)
FN:608,(anonymous_15)
FN:632,(anonymous_16)
FN:659,(anonymous_17)
FN:662,(anonymous_18)
FN:688,(anonymous_19)
FN:700,(anonymous_20)
FNF:21
FNH:0
FNDA:0,(anonymous_0)
FNDA:0,(anonymous_1)
FNDA:0,(anonymous_2)
FNDA:0,(anonymous_3)
FNDA:0,(anonymous_4)
FNDA:0,(anonymous_5)
FNDA:0,(anonymous_6)
FNDA:0,(anonymous_7)
FNDA:0,(anonymous_8)
FNDA:0,(anonymous_9)
FNDA:0,(anonymous_10)
FNDA:0,(anonymous_11)
FNDA:0,(anonymous_12)
FNDA:0,(anonymous_13)
FNDA:0,(anonymous_14)
FNDA:0,(anonymous_15)
FNDA:0,(anonymous_16)
FNDA:0,(anonymous_17)
FNDA:0,(anonymous_18)
FNDA:0,(anonymous_19)
FNDA:0,(anonymous_20)
DA:29,0
DA:31,0
DA:32,0
DA:35,0
DA:36,0
DA:37,0
DA:40,0
DA:43,0
DA:44,0
DA:48,0
DA:51,0
DA:60,0
DA:66,0
DA:67,0
DA:69,0
DA:73,0
DA:74,0
DA:75,0
DA:77,0
DA:78,0
DA:87,0
DA:88,0
DA:89,0
DA:91,0
DA:92,0
DA:96,0
DA:97,0
DA:99,0
DA:100,0
DA:102,0
DA:104,0
DA:106,0
DA:112,0
DA:115,0
DA:116,0
DA:117,0
DA:128,0
DA:130,0
DA:133,0
DA:140,0
DA:141,0
DA:145,0
DA:148,0
DA:150,0
DA:153,0
DA:154,0
DA:158,0
DA:159,0
DA:162,0
DA:163,0
DA:166,0
DA:167,0
DA:170,0
DA:172,0
DA:174,0
DA:175,0
DA:183,0
DA:185,0
DA:189,0
DA:190,0
DA:192,0
DA:193,0
DA:194,0
DA:197,0
DA:198,0
DA:200,0
DA:203,0
DA:208,0
DA:216,0
DA:217,0
DA:229,0
DA:251,0
DA:254,0
DA:264,0
DA:265,0
DA:270,0
DA:271,0
DA:278,0
DA:279,0
DA:282,0
DA:283,0
DA:288,0
DA:289,0
DA:300,0
DA:302,0
DA:303,0
DA:306,0
DA:307,0
DA:308,0
DA:310,0
DA:311,0
DA:314,0
DA:316,0
DA:325,0
DA:326,0
DA:330,0
DA:333,0
DA:340,0
DA:350,0
DA:372,0
DA:380,0
DA:381,0
DA:384,0
DA:387,0
DA:388,0
DA:389,0
DA:390,0
DA:391,0
DA:395,0
DA:398,0
DA:399,0
DA:403,0
DA:404,0
DA:405,0
DA:409,0
DA:410,0
DA:413,0
DA:414,0
DA:415,0
DA:416,0
DA:417,0
DA:418,0
DA:419,0
DA:422,0
DA:423,0
DA:425,0
DA:426,0
DA:431,0
DA:432,0
DA:433,0
DA:436,0
DA:440,0
DA:441,0
DA:442,0
DA:443,0
DA:444,0
DA:445,0
DA:448,0
DA:449,0
DA:450,0
DA:451,0
DA:452,0
DA:453,0
DA:459,0
DA:460,0
DA:461,0
DA:464,0
DA:468,0
DA:469,0
DA:470,0
DA:474,0
DA:475,0
DA:476,0
DA:481,0
DA:482,0
DA:483,0
DA:485,0
DA:489,0
DA:498,0
DA:500,0
DA:503,0
DA:506,0
DA:508,0
DA:509,0
DA:511,0
DA:512,0
DA:514,0
DA:515,0
DA:518,0
DA:525,0
DA:528,0
DA:529,0
DA:531,0
DA:532,0
DA:533,0
DA:534,0
DA:537,0
DA:538,0
DA:540,0
DA:541,0
DA:542,0
DA:543,0
DA:547,0
DA:548,0
DA:549,0
DA:551,0
DA:552,0
DA:553,0
DA:554,0
DA:558,0
DA:559,0
DA:560,0
DA:561,0
DA:564,0
DA:571,0
DA:574,0
DA:575,0
DA:576,0
DA:577,0
DA:578,0
DA:579,0
DA:582,0
DA:583,0
DA:586,0
DA:587,0
DA:588,0
DA:590,0
DA:591,0
DA:592,0
DA:593,0
DA:597,0
DA:598,0
DA:602,0
DA:609,0
DA:613,0
DA:616,0
DA:617,0
DA:621,0
DA:622,0
DA:625,0
DA:633,0
DA:634,0
DA:635,0
DA:638,0
DA:639,0
DA:642,0
DA:645,0
DA:648,0
DA:653,0
DA:660,0
DA:662,0
DA:663,0
DA:665,0
DA:666,0
DA:667,0
DA:668,0
DA:670,0
DA:673,0
DA:675,0
DA:676,0
DA:678,0
DA:680,0
DA:681,0
DA:690,0
DA:691,0
DA:692,0
DA:694,0
DA:701,0
DA:704,0
DA:705,0
DA:709,0
LF:251
LH:0
BRDA:28,0,0,0
BRDA:32,1,0,0
BRDA:32,1,1,0
BRDA:35,2,0,0
BRDA:35,2,1,0
BRDA:35,2,2,0
BRDA:36,3,0,0
BRDA:36,3,1,0
BRDA:36,3,2,0
BRDA:37,4,0,0
BRDA:37,4,1,0
BRDA:37,4,2,0
BRDA:66,5,0,0
BRDA:66,5,1,0
BRDA:86,6,0,0
BRDA:88,7,0,0
BRDA:88,7,1,0
BRDA:91,8,0,0
BRDA:91,8,1,0
BRDA:91,8,2,0
BRDA:91,9,0,0
BRDA:91,9,1,0
BRDA:92,10,0,0
BRDA:92,10,1,0
BRDA:92,10,2,0
BRDA:92,11,0,0
BRDA:92,11,1,0
BRDA:97,12,0,0
BRDA:97,12,1,0
BRDA:100,13,0,0
BRDA:100,13,1,0
BRDA:102,14,0,0
BRDA:102,14,1,0
BRDA:102,15,0,0
BRDA:102,15,1,0
BRDA:102,15,2,0
BRDA:102,15,3,0
BRDA:112,16,0,0
BRDA:112,16,1,0
BRDA:115,17,0,0
BRDA:115,17,1,0
BRDA:115,18,0,0
BRDA:115,18,1,0
BRDA:122,19,0,0
BRDA:122,19,1,0
BRDA:148,20,0,0
BRDA:148,20,1,0
BRDA:153,21,0,0
BRDA:153,21,1,0
BRDA:154,22,0,0
BRDA:154,22,1,0
BRDA:154,22,2,0
BRDA:154,22,3,0
BRDA:172,23,0,0
BRDA:172,23,1,0
BRDA:176,24,0,0
BRDA:176,24,1,0
BRDA:177,25,0,0
BRDA:177,25,1,0
BRDA:178,26,0,0
BRDA:178,26,1,0
BRDA:179,27,0,0
BRDA:179,27,1,0
BRDA:216,28,0,0
BRDA:216,28,1,0
BRDA:250,29,0,0
BRDA:251,30,0,0
BRDA:251,30,1,0
BRDA:264,31,0,0
BRDA:264,31,1,0
BRDA:267,32,0,0
BRDA:267,32,1,0
BRDA:270,33,0,0
BRDA:270,33,1,0
BRDA:273,34,0,0
BRDA:273,34,1,0
BRDA:278,35,0,0
BRDA:278,35,1,0
BRDA:282,36,0,0
BRDA:282,36,1,0
BRDA:285,37,0,0
BRDA:285,37,1,0
BRDA:288,38,0,0
BRDA:288,38,1,0
BRDA:291,39,0,0
BRDA:291,39,1,0
BRDA:325,40,0,0
BRDA:325,40,1,0
BRDA:326,41,0,0
BRDA:326,41,1,0
BRDA:327,42,0,0
BRDA:327,42,1,0
BRDA:328,43,0,0
BRDA:328,43,1,0
BRDA:329,44,0,0
BRDA:329,44,1,0
BRDA:360,45,0,0
BRDA:360,45,1,0
BRDA:362,46,0,0
BRDA:362,46,1,0
BRDA:363,47,0,0
BRDA:363,47,1,0
BRDA:388,48,0,0
BRDA:388,48,1,0
BRDA:388,49,0,0
BRDA:388,49,1,0
BRDA:390,50,0,0
BRDA:390,50,1,0
BRDA:398,51,0,0
BRDA:398,51,1,0
BRDA:404,52,0,0
BRDA:404,52,1,0
BRDA:409,53,0,0
BRDA:409,53,1,0
BRDA:409,54,0,0
BRDA:409,54,1,0
BRDA:410,55,0,0
BRDA:410,55,1,0
BRDA:410,55,2,0
BRDA:414,56,0,0
BRDA:414,56,1,0
BRDA:422,57,0,0
BRDA:422,57,1,0
BRDA:422,58,0,0
BRDA:422,58,1,0
BRDA:425,59,0,0
BRDA:425,59,1,0
BRDA:425,60,0,0
BRDA:425,60,1,0
BRDA:431,61,0,0
BRDA:431,61,1,0
BRDA:431,62,0,0
BRDA:431,62,1,0
BRDA:441,63,0,0
BRDA:441,63,1,0
BRDA:448,64,0,0
BRDA:448,64,1,0
BRDA:450,65,0,0
BRDA:450,65,1,0
BRDA:452,66,0,0
BRDA:452,66,1,0
BRDA:459,67,0,0
BRDA:459,67,1,0
BRDA:459,68,0,0
BRDA:459,68,1,0
BRDA:469,69,0,0
BRDA:469,69,1,0
BRDA:469,70,0,0
BRDA:469,70,1,0
BRDA:474,71,0,0
BRDA:474,71,1,0
BRDA:474,72,0,0
BRDA:474,72,1,0
BRDA:475,73,0,0
BRDA:475,73,1,0
BRDA:481,74,0,0
BRDA:481,74,1,0
BRDA:481,75,0,0
BRDA:481,75,1,0
BRDA:500,76,0,0
BRDA:500,76,1,0
BRDA:500,77,0,0
BRDA:500,77,1,0
BRDA:503,78,0,0
BRDA:503,78,1,0
BRDA:504,79,0,0
BRDA:504,79,1,0
BRDA:504,80,0,0
BRDA:504,80,1,0
BRDA:506,81,0,0
BRDA:506,81,1,0
BRDA:506,81,2,0
BRDA:529,82,0,0
BRDA:529,82,1,0
BRDA:540,83,0,0
BRDA:540,83,1,0
BRDA:542,84,0,0
BRDA:542,84,1,0
BRDA:551,85,0,0
BRDA:551,85,1,0
BRDA:553,86,0,0
BRDA:553,86,1,0
BRDA:558,87,0,0
BRDA:558,87,1,0
BRDA:560,88,0,0
BRDA:560,88,1,0
BRDA:575,89,0,0
BRDA:575,89,1,0
BRDA:582,90,0,0
BRDA:582,90,1,0
BRDA:587,91,0,0
BRDA:587,91,1,0
BRDA:590,92,0,0
BRDA:590,92,1,0
BRDA:592,93,0,0
BRDA:592,93,1,0
BRDA:597,94,0,0
BRDA:597,94,1,0
BRDA:597,95,0,0
BRDA:597,95,1,0
BRDA:616,96,0,0
BRDA:616,96,1,0
BRDA:616,97,0,0
BRDA:616,97,1,0
BRDA:621,98,0,0
BRDA:621,98,1,0
BRDA:633,99,0,0
BRDA:633,99,1,0
BRDA:634,100,0,0
BRDA:634,100,1,0
BRDA:635,101,0,0
BRDA:635,101,1,0
BRDA:638,102,0,0
BRDA:638,102,1,0
BRDA:638,103,0,0
BRDA:638,103,1,0
BRDA:639,104,0,0
BRDA:639,104,1,0
BRDA:639,104,2,0
BRDA:660,105,0,0
BRDA:660,105,1,0
BRDA:663,106,0,0
BRDA:663,106,1,0
BRDA:673,107,0,0
BRDA:673,107,1,0
BRDA:673,107,2,0
BRDA:673,107,3,0
BRDA:675,108,0,0
BRDA:675,108,1,0
BRDA:690,109,0,0
BRDA:690,109,1,0
BRDA:690,110,0,0
BRDA:690,110,1,0
BRDA:701,111,0,0
BRDA:701,111,1,0
BRDA:704,112,0,0
BRDA:704,112,1,0
BRDA:704,113,0,0
BRDA:704,113,1,0
BRF:239
BRH:0
end_of_record
TN:
SF:ai/training/TrainingOrchestrator.js
FN:8,(anonymous_0)
FN:71,(anonymous_1)
FN:73,(anonymous_2)
FN:74,(anonymous_3)
FN:75,(anonymous_4)
FN:76,(anonymous_5)
FN:77,(anonymous_6)
FN:83,(anonymous_7)
FN:128,(anonymous_8)
FN:224,(anonymous_9)
FN:267,(anonymous_10)
FN:325,(anonymous_11)
FN:385,(anonymous_12)
FN:399,(anonymous_13)
FN:424,(anonymous_14)
FN:439,(anonymous_15)
FN:454,(anonymous_16)
FN:465,(anonymous_17)
FN:532,(anonymous_18)
FN:540,(anonymous_19)
FN:565,(anonymous_20)
FN:567,(anonymous_21)
FN:580,(anonymous_22)
FN:590,(anonymous_23)
FN:595,(anonymous_24)
FN:609,(anonymous_25)
FN:622,(anonymous_26)
FN:646,(anonymous_27)
FN:657,(anonymous_28)
FN:658,(anonymous_29)
FN:659,(anonymous_30)
FN:673,(anonymous_31)
FN:683,(anonymous_32)
FN:692,(anonymous_33)
FN:701,(anonymous_34)
FN:709,(anonymous_35)
FN:716,(anonymous_36)
FNF:37
FNH:0
FNDA:0,(anonymous_0)
FNDA:0,(anonymous_1)
FNDA:0,(anonymous_2)
FNDA:0,(anonymous_3)
FNDA:0,(anonymous_4)
FNDA:0,(anonymous_5)
FNDA:0,(anonymous_6)
FNDA:0,(anonymous_7)
FNDA:0,(anonymous_8)
FNDA:0,(anonymous_9)
FNDA:0,(anonymous_10)
FNDA:0,(anonymous_11)
FNDA:0,(anonymous_12)
FNDA:0,(anonymous_13)
FNDA:0,(anonymous_14)
FNDA:0,(anonymous_15)
FNDA:0,(anonymous_16)
FNDA:0,(anonymous_17)
FNDA:0,(anonymous_18)
FNDA:0,(anonymous_19)
FNDA:0,(anonymous_20)
FNDA:0,(anonymous_21)
FNDA:0,(anonymous_22)
FNDA:0,(anonymous_23)
FNDA:0,(anonymous_24)
FNDA:0,(anonymous_25)
FNDA:0,(anonymous_26)
FNDA:0,(anonymous_27)
FNDA:0,(anonymous_28)
FNDA:0,(anonymous_29)
FNDA:0,(anonymous_30)
FNDA:0,(anonymous_31)
FNDA:0,(anonymous_32)
FNDA:0,(anonymous_33)
FNDA:0,(anonymous_34)
FNDA:0,(anonymous_35)
FNDA:0,(anonymous_36)
DA:9,0
DA:10,0
DA:11,0
DA:14,0
DA:40,0
DA:56,0
DA:64,0
DA:65,0
DA:66,0
DA:68,0
DA:73,0
DA:74,0
DA:75,0
DA:76,0
DA:77,0
DA:84,0
DA:85,0
DA:86,0
DA:89,0
DA:91,0
DA:94,0
DA:95,0
DA:98,0
DA:99,0
DA:100,0
DA:101,0
DA:104,0
DA:107,0
DA:110,0
DA:116,0
DA:119,0
DA:120,0
DA:121,0
DA:129,0
DA:132,0
DA:165,0
DA:187,0
DA:188,0
DA:191,0
DA:192,0
DA:193,0
DA:196,0
DA:197,0
DA:201,0
DA:202,0
DA:205,0
DA:206,0
DA:209,0
DA:210,0
DA:211,0
DA:214,0
DA:215,0
DA:218,0
DA:225,0
DA:228,0
DA:231,0
DA:232,0
DA:242,0
DA:243,0
DA:244,0
DA:245,0
DA:246,0
DA:247,0
DA:248,0
DA:251,0
DA:254,0
DA:255,0
DA:261,0
DA:268,0
DA:270,0
DA:271,0
DA:272,0
DA:275,0
DA:278,0
DA:281,0
DA:284,0
DA:285,0
DA:289,0
DA:290,0
DA:294,0
DA:295,0
DA:299,0
DA:300,0
DA:301,0
DA:305,0
DA:306,0
DA:307,0
DA:311,0
DA:319,0
DA:326,0
DA:329,0
DA:330,0
DA:331,0
DA:332,0
DA:334,0
DA:336,0
DA:339,0
DA:342,0
DA:344,0
DA:345,0
DA:347,0
DA:357,0
DA:358,0
DA:361,0
DA:362,0
DA:363,0
DA:364,0
DA:368,0
DA:369,0
DA:372,0
DA:374,0
DA:387,0
DA:390,0
DA:393,0
DA:401,0
DA:402,0
DA:403,0
DA:408,0
DA:424,0
DA:425,0
DA:426,0
DA:427,0
DA:430,0
DA:433,0
DA:440,0
DA:448,0
DA:455,0
DA:456,0
DA:457,0
DA:458,0
DA:459,0
DA:466,0
DA:468,0
DA:469,0
DA:470,0
DA:473,0
DA:474,0
DA:476,0
DA:477,0
DA:478,0
DA:479,0
DA:480,0
DA:482,0
DA:483,0
DA:484,0
DA:486,0
DA:487,0
DA:488,0
DA:489,0
DA:492,0
DA:493,0
DA:494,0
DA:499,0
DA:501,0
DA:502,0
DA:504,0
DA:505,0
DA:508,0
DA:509,0
DA:512,0
DA:515,0
DA:516,0
DA:517,0
DA:518,0
DA:521,0
DA:534,0
DA:541,0
DA:542,0
DA:544,0
DA:545,0
DA:549,0
DA:550,0
DA:551,0
DA:554,0
DA:555,0
DA:556,0
DA:557,0
DA:558,0
DA:566,0
DA:567,0
DA:569,0
DA:571,0
DA:581,0
DA:583,0
DA:584,0
DA:591,0
DA:594,0
DA:595,0
DA:597,0
DA:598,0
DA:600,0
DA:603,0
DA:610,0
DA:611,0
DA:612,0
DA:613,0
DA:615,0
DA:623,0
DA:625,0
DA:628,0
DA:629,0
DA:630,0
DA:634,0
DA:637,0
DA:638,0
DA:640,0
DA:646,0
DA:649,0
DA:651,0
DA:658,0
DA:659,0
DA:660,0
DA:661,0
DA:663,0
DA:666,0
DA:674,0
DA:675,0
DA:676,0
DA:677,0
DA:684,0
DA:685,0
DA:686,0
DA:693,0
DA:694,0
DA:695,0
DA:702,0
DA:703,0
DA:710,0
DA:717,0
DA:721,0
LF:230
LH:0
BRDA:83,0,0,0
BRDA:84,1,0,0
BRDA:84,1,1,0
BRDA:94,2,0,0
BRDA:94,2,1,0
BRDA:94,3,0,0
BRDA:94,3,1,0
BRDA:196,4,0,0
BRDA:196,4,1,0
BRDA:201,5,0,0
BRDA:201,5,1,0
BRDA:214,6,0,0
BRDA:214,6,1,0
BRDA:231,7,0,0
BRDA:231,7,1,0
BRDA:254,8,0,0
BRDA:254,8,1,0
BRDA:270,9,0,0
BRDA:270,9,1,0
BRDA:271,10,0,0
BRDA:271,10,1,0
BRDA:284,11,0,0
BRDA:284,11,1,0
BRDA:289,12,0,0
BRDA:289,12,1,0
BRDA:294,13,0,0
BRDA:294,13,1,0
BRDA:299,14,0,0
BRDA:299,14,1,0
BRDA:305,15,0,0
BRDA:305,15,1,0
BRDA:334,16,0,0
BRDA:334,16,1,0
BRDA:342,17,0,0
BRDA:342,17,1,0
BRDA:357,18,0,0
BRDA:357,18,1,0
BRDA:357,19,0,0
BRDA:357,19,1,0
BRDA:368,20,0,0
BRDA:368,20,1,0
BRDA:401,21,0,0
BRDA:401,21,1,0
BRDA:401,22,0,0
BRDA:401,22,1,0
BRDA:409,23,0,0
BRDA:409,23,1,0
BRDA:410,24,0,0
BRDA:410,24,1,0
BRDA:411,25,0,0
BRDA:411,25,1,0
BRDA:412,26,0,0
BRDA:412,26,1,0
BRDA:413,27,0,0
BRDA:413,27,1,0
BRDA:414,28,0,0
BRDA:414,28,1,0
BRDA:415,29,0,0
BRDA:415,29,1,0
BRDA:415,30,0,0
BRDA:415,30,1,0
BRDA:416,31,0,0
BRDA:416,31,1,0
BRDA:418,32,0,0
BRDA:418,32,1,0
BRDA:418,33,0,0
BRDA:418,33,1,0
BRDA:420,34,0,0
BRDA:420,34,1,0
BRDA:420,35,0,0
BRDA:420,35,1,0
BRDA:425,36,0,0
BRDA:425,36,1,0
BRDA:425,37,0,0
BRDA:425,37,1,0
BRDA:448,38,0,0
BRDA:448,38,1,0
BRDA:455,39,0,0
BRDA:455,39,1,0
BRDA:456,40,0,0
BRDA:456,40,1,0
BRDA:457,41,0,0
BRDA:457,41,1,0
BRDA:458,42,0,0
BRDA:458,42,1,0
BRDA:482,43,0,0
BRDA:482,43,1,0
BRDA:493,44,0,0
BRDA:493,44,1,0
BRDA:508,45,0,0
BRDA:508,45,1,0
BRDA:515,46,0,0
BRDA:515,46,1,0
BRDA:534,47,0,0
BRDA:534,47,1,0
BRDA:544,48,0,0
BRDA:544,48,1,0
BRDA:555,49,0,0
BRDA:555,49,1,0
BRDA:566,50,0,0
BRDA:566,50,1,0
BRDA:581,51,0,0
BRDA:581,51,1,0
BRDA:591,52,0,0
BRDA:591,52,1,0
BRDA:597,53,0,0
BRDA:597,53,1,0
BRDA:628,54,0,0
BRDA:628,54,1,0
BRDA:660,55,0,0
BRDA:660,55,1,0
BRF:111
BRH:0
end_of_record
TN:
SF:ai/training/TrainingVisualizer.js
FN:8,(anonymous_0)
FN:58,(anonymous_1)
FN:60,(anonymous_2)
FN:67,(anonymous_3)
FN:71,(anonymous_4)
FN:79,(anonymous_5)
FN:112,(anonymous_6)
FN:120,(anonymous_7)
FN:138,(anonymous_8)
FN:165,(anonymous_9)
FN:227,(anonymous_10)
FN:239,(anonymous_11)
FN:287,(anonymous_12)
FN:288,(anonymous_13)
FN:305,(anonymous_14)
FN:320,(anonymous_15)
FN:328,(anonymous_16)
FN:339,(anonymous_17)
FN:373,(anonymous_18)
FN:376,(anonymous_19)
FN:389,(anonymous_20)
FN:399,(anonymous_21)
FN:434,(anonymous_22)
FN:446,(anonymous_23)
FN:463,(anonymous_24)
FN:503,(anonymous_25)
FN:559,(anonymous_26)
FN:611,(anonymous_27)
FN:658,(anonymous_28)
FN:671,(anonymous_29)
FNF:30
FNH:0
FNDA:0,(anonymous_0)
FNDA:0,(anonymous_1)
FNDA:0,(anonymous_2)
FNDA:0,(anonymous_3)
FNDA:0,(anonymous_4)
FNDA:0,(anonymous_5)
FNDA:0,(anonymous_6)
FNDA:0,(anonymous_7)
FNDA:0,(anonymous_8)
FNDA:0,(anonymous_9)
FNDA:0,(anonymous_10)
FNDA:0,(anonymous_11)
FNDA:0,(anonymous_12)
FNDA:0,(anonymous_13)
FNDA:0,(anonymous_14)
FNDA:0,(anonymous_15)
FNDA:0,(anonymous_16)
FNDA:0,(anonymous_17)
FNDA:0,(anonymous_18)
FNDA:0,(anonymous_19)
FNDA:0,(anonymous_20)
FNDA:0,(anonymous_21)
FNDA:0,(anonymous_22)
FNDA:0,(anonymous_23)
FNDA:0,(anonymous_24)
FNDA:0,(anonymous_25)
FNDA:0,(anonymous_26)
FNDA:0,(anonymous_27)
FNDA:0,(anonymous_28)
FNDA:0,(anonymous_29)
DA:9,0
DA:10,0
DA:11,0
DA:14,0
DA:15,0
DA:16,0
DA:17,0
DA:18,0
DA:21,0
DA:22,0
DA:25,0
DA:36,0
DA:47,0
DA:50,0
DA:52,0
DA:60,0
DA:61,0
DA:62,0
DA:67,0
DA:68,0
DA:71,0
DA:72,0
DA:80,0
DA:83,0
DA:84,0
DA:87,0
DA:88,0
DA:93,0
DA:96,0
DA:97,0
DA:98,0
DA:99,0
DA:100,0
DA:102,0
DA:104,0
DA:105,0
DA:114,0
DA:121,0
DA:122,0
DA:124,0
DA:125,0
DA:127,0
DA:129,0
DA:131,0
DA:139,0
DA:157,0
DA:159,0
DA:166,0
DA:169,0
DA:170,0
DA:179,0
DA:180,0
DA:183,0
DA:184,0
DA:191,0
DA:192,0
DA:198,0
DA:199,0
DA:200,0
DA:203,0
DA:204,0
DA:208,0
DA:209,0
DA:214,0
DA:215,0
DA:219,0
DA:220,0
DA:228,0
DA:231,0
DA:232,0
DA:235,0
DA:236,0
DA:239,0
DA:240,0
DA:243,0
DA:244,0
DA:249,0
DA:250,0
DA:254,0
DA:256,0
DA:257,0
DA:259,0
DA:262,0
DA:266,0
DA:267,0
DA:272,0
DA:273,0
DA:277,0
DA:281,0
DA:288,0
DA:289,0
DA:292,0
DA:294,0
DA:295,0
DA:299,0
DA:306,0
DA:307,0
DA:308,0
DA:314,0
DA:321,0
DA:322,0
DA:329,0
DA:330,0
DA:331,0
DA:332,0
DA:333,0
DA:334,0
DA:335,0
DA:339,0
DA:340,0
DA:343,0
DA:345,0
DA:346,0
DA:350,0
DA:351,0
DA:352,0
DA:355,0
DA:356,0
DA:359,0
DA:360,0
DA:361,0
DA:364,0
DA:365,0
DA:367,0
DA:374,0
DA:376,0
DA:377,0
DA:378,0
DA:379,0
DA:383,0
DA:390,0
DA:391,0
DA:392,0
DA:400,0
DA:403,0
DA:404,0
DA:407,0
DA:410,0
DA:413,0
DA:416,0
DA:419,0
DA:422,0
DA:425,0
DA:428,0
DA:435,0
DA:436,0
DA:438,0
DA:439,0
DA:440,0
DA:447,0
DA:450,0
DA:452,0
DA:453,0
DA:454,0
DA:457,0
DA:464,0
DA:465,0
DA:468,0
DA:470,0
DA:472,0
DA:473,0
DA:476,0
DA:477,0
DA:478,0
DA:479,0
DA:481,0
DA:484,0
DA:487,0
DA:488,0
DA:489,0
DA:492,0
DA:493,0
DA:494,0
DA:495,0
DA:496,0
DA:505,0
DA:507,0
DA:508,0
DA:509,0
DA:512,0
DA:513,0
DA:515,0
DA:516,0
DA:517,0
DA:519,0
DA:520,0
DA:521,0
DA:524,0
DA:528,0
DA:529,0
DA:530,0
DA:531,0
DA:534,0
DA:535,0
DA:536,0
DA:539,0
DA:540,0
DA:542,0
DA:544,0
DA:545,0
DA:547,0
DA:550,0
DA:553,0
DA:560,0
DA:562,0
DA:563,0
DA:564,0
DA:566,0
DA:567,0
DA:568,0
DA:571,0
DA:574,0
DA:575,0
DA:576,0
DA:577,0
DA:578,0
DA:579,0
DA:580,0
DA:583,0
DA:584,0
DA:585,0
DA:588,0
DA:589,0
DA:590,0
DA:591,0
DA:593,0
DA:594,0
DA:595,0
DA:596,0
DA:597,0
DA:599,0
DA:600,0
DA:601,0
DA:605,0
DA:612,0
DA:613,0
DA:615,0
DA:623,0
DA:624,0
DA:631,0
DA:635,0
DA:636,0
DA:637,0
DA:638,0
DA:639,0
DA:641,0
DA:643,0
DA:647,0
DA:650,0
DA:651,0
DA:659,0
DA:660,0
DA:663,0
DA:664,0
DA:672,0
DA:673,0
DA:674,0
DA:675,0
LF:258
LH:0
BRDA:61,0,0,0
BRDA:61,0,1,0
BRDA:61,1,0,0
BRDA:61,1,1,0
BRDA:83,2,0,0
BRDA:83,2,1,0
BRDA:87,3,0,0
BRDA:87,3,1,0
BRDA:96,4,0,0
BRDA:96,4,1,0
BRDA:96,5,0,0
BRDA:96,5,1,0
BRDA:96,5,2,0
BRDA:99,6,0,0
BRDA:99,6,1,0
BRDA:102,7,0,0
BRDA:102,7,1,0
BRDA:122,8,0,0
BRDA:122,8,1,0
BRDA:124,9,0,0
BRDA:124,9,1,0
BRDA:166,10,0,0
BRDA:166,10,1,0
BRDA:169,11,0,0
BRDA:169,11,1,0
BRDA:173,12,0,0
BRDA:173,12,1,0
BRDA:179,13,0,0
BRDA:179,13,1,0
BRDA:183,14,0,0
BRDA:183,14,1,0
BRDA:191,15,0,0
BRDA:191,15,1,0
BRDA:198,16,0,0
BRDA:198,16,1,0
BRDA:198,17,0,0
BRDA:198,17,1,0
BRDA:203,18,0,0
BRDA:203,18,1,0
BRDA:208,19,0,0
BRDA:208,19,1,0
BRDA:208,20,0,0
BRDA:208,20,1,0
BRDA:214,21,0,0
BRDA:214,21,1,0
BRDA:214,22,0,0
BRDA:214,22,1,0
BRDA:214,22,2,0
BRDA:219,23,0,0
BRDA:219,23,1,0
BRDA:228,24,0,0
BRDA:228,24,1,0
BRDA:228,25,0,0
BRDA:228,25,1,0
BRDA:240,26,0,0
BRDA:240,26,1,0
BRDA:243,27,0,0
BRDA:243,27,1,0
BRDA:243,28,0,0
BRDA:243,28,1,0
BRDA:249,29,0,0
BRDA:249,29,1,0
BRDA:254,30,0,0
BRDA:254,30,1,0
BRDA:257,31,0,0
BRDA:257,31,1,0
BRDA:266,32,0,0
BRDA:266,32,1,0
BRDA:272,33,0,0
BRDA:272,33,1,0
BRDA:289,34,0,0
BRDA:289,34,1,0
BRDA:292,35,0,0
BRDA:292,35,1,0
BRDA:292,36,0,0
BRDA:292,36,1,0
BRDA:329,37,0,0
BRDA:329,37,1,0
BRDA:340,38,0,0
BRDA:340,38,1,0
BRDA:343,39,0,0
BRDA:343,39,1,0
BRDA:343,40,0,0
BRDA:343,40,1,0
BRDA:350,41,0,0
BRDA:350,41,1,0
BRDA:374,42,0,0
BRDA:374,42,1,0
BRDA:377,43,0,0
BRDA:377,43,1,0
BRDA:390,44,0,0
BRDA:390,44,1,0
BRDA:400,45,0,0
BRDA:400,45,1,0
BRDA:465,46,0,0
BRDA:465,46,1,0
BRDA:468,47,0,0
BRDA:468,47,1,0
BRDA:476,48,0,0
BRDA:476,48,1,0
BRDA:476,49,0,0
BRDA:476,49,1,0
BRDA:478,50,0,0
BRDA:478,50,1,0
BRDA:478,51,0,0
BRDA:478,51,1,0
BRDA:481,52,0,0
BRDA:481,52,1,0
BRDA:496,53,0,0
BRDA:496,53,1,0
BRDA:509,54,0,0
BRDA:509,54,1,0
BRDA:528,55,0,0
BRDA:528,55,1,0
BRDA:544,56,0,0
BRDA:544,56,1,0
BRDA:560,57,0,0
BRDA:560,57,1,0
BRDA:560,58,0,0
BRDA:560,58,1,0
BRDA:564,59,0,0
BRDA:564,59,1,0
BRDA:574,60,0,0
BRDA:574,60,1,0
BRDA:588,61,0,0
BRDA:588,61,1,0
BRDA:588,62,0,0
BRDA:588,62,1,0
BRDA:593,63,0,0
BRDA:593,63,1,0
BRDA:617,64,0,0
BRDA:617,64,1,0
BRDA:623,65,0,0
BRDA:623,65,1,0
BRDA:625,66,0,0
BRDA:625,66,1,0
BRDA:625,67,0,0
BRDA:625,67,1,0
BRDA:626,68,0,0
BRDA:626,68,1,0
BRDA:627,69,0,0
BRDA:627,69,1,0
BRDA:628,70,0,0
BRDA:628,70,1,0
BRDA:628,71,0,0
BRDA:628,71,1,0
BRDA:635,72,0,0
BRDA:635,72,1,0
BRDA:638,73,0,0
BRDA:638,73,1,0
BRDA:639,74,0,0
BRDA:639,74,1,0
BRDA:639,75,0,0
BRDA:639,75,1,0
BRDA:663,76,0,0
BRDA:663,76,1,0
BRF:156
BRH:0
end_of_record
TN:
SF:core/EventBus.js
FN:19,(anonymous_0)
FN:52,(anonymous_1)
FN:66,(anonymous_2)
FN:76,(anonymous_3)
FN:89,(anonymous_4)
FN:90,(anonymous_5)
FN:108,(anonymous_6)
FN:132,(anonymous_7)
FN:145,(anonymous_8)
FN:218,(anonymous_9)
FN:228,(anonymous_10)
FNF:11
FNH:0
FNDA:0,(anonymous_0)
FNDA:0,(anonymous_1)
FNDA:0,(anonymous_2)
FNDA:0,(anonymous_3)
FNDA:0,(anonymous_4)
FNDA:0,(anonymous_5)
FNDA:0,(anonymous_6)
FNDA:0,(anonymous_7)
FNDA:0,(anonymous_8)
FNDA:0,(anonymous_9)
FNDA:0,(anonymous_10)
DA:28,0
DA:36,0
DA:53,0
DA:54,0
DA:55,0
DA:57,0
DA:59,0
DA:60,0
DA:62,0
DA:66,0
DA:77,0
DA:90,0
DA:91,0
DA:92,0
DA:95,0
DA:96,0
DA:109,0
DA:110,0
DA:111,0
DA:112,0
DA:113,0
DA:115,0
DA:116,0
DA:117,0
DA:120,0
DA:121,0
DA:133,0
DA:155,0
DA:157,0
DA:160,0
DA:161,0
DA:162,0
DA:163,0
DA:167,0
DA:171,0
DA:172,0
DA:173,0
DA:175,0
DA:176,0
DA:177,0
DA:182,0
DA:208,0
DA:209,0
DA:219,0
DA:220,0
DA:229,0
DA:234,0
LF:47
LH:0
BRDA:53,0,0,0
BRDA:53,0,1,0
BRDA:54,1,0,0
BRDA:54,1,1,0
BRDA:59,2,0,0
BRDA:59,2,1,0
BRDA:109,3,0,0
BRDA:109,3,1,0
BRDA:110,4,0,0
BRDA:110,4,1,0
BRDA:113,5,0,0
BRDA:113,5,1,0
BRDA:115,6,0,0
BRDA:115,6,1,0
BRDA:120,7,0,0
BRDA:120,7,1,0
BRDA:157,8,0,0
BRDA:157,8,1,0
BRDA:173,9,0,0
BRDA:173,9,1,0
BRDA:208,10,0,0
BRDA:208,10,1,0
BRDA:208,11,0,0
BRDA:208,11,1,0
BRF:24
BRH:0
end_of_record
TN:
SF:core/EventTypes.js
FNF:0
FNH:0
DA:3,0
LF:1
LH:0
BRF:0
BRH:0
end_of_record
TN:
SF:core/constants.js
FNF:0
FNH:0
DA:6,0
DA:48,0
DA:81,0
DA:136,0
DA:209,0
DA:257,0
DA:258,0
DA:259,0
DA:260,0
DA:261,0
LF:10
LH:0
BRF:0
BRH:0
end_of_record
TN:
SF:core/utils/DebugProfiler.js
FN:11,(anonymous_0)
FN:18,(anonymous_1)
FN:32,(anonymous_2)
FN:40,(anonymous_3)
FNF:4
FNH:0
FNDA:0,(anonymous_0)
FNDA:0,(anonymous_1)
FNDA:0,(anonymous_2)
FNDA:0,(anonymous_3)
DA:5,0
DA:12,0
DA:19,0
DA:20,0
DA:21,0
DA:22,0
DA:24,0
DA:25,0
DA:26,0
DA:33,0
DA:34,0
DA:41,0
DA:46,0
LF:13
LH:0
BRDA:20,0,0,0
BRDA:20,0,1,0
BRDA:32,1,0,0
BRF:3
BRH:0
end_of_record
TN:
SF:core/utils/MathUtils.js
FN:10,(anonymous_0)
FN:29,(anonymous_1)
FN:38,(anonymous_2)
FN:45,(anonymous_3)
FN:52,(anonymous_4)
FNF:5
FNH:0
FNDA:0,(anonymous_0)
FNDA:0,(anonymous_1)
FNDA:0,(anonymous_2)
FNDA:0,(anonymous_3)
FNDA:0,(anonymous_4)
DA:5,0
DA:12,0
DA:13,0
DA:14,0
DA:15,0
DA:16,0
DA:17,0
DA:21,0
DA:22,0
DA:23,0
DA:30,0
DA:31,0
DA:32,0
DA:39,0
DA:46,0
DA:53,0
DA:58,0
LF:17
LH:0
BRDA:12,0,0,0
BRDA:12,0,1,0
BRDA:12,1,0,0
BRDA:12,1,1,0
BRDA:12,1,2,0
BRF:5
BRH:0
end_of_record
TN:
SF:game/GameController.js
FN:37,(anonymous_0)
FN:102,(anonymous_1)
FN:124,(anonymous_2)
FN:129,(anonymous_3)
FN:134,(anonymous_4)
FN:144,(anonymous_5)
FN:147,(anonymous_6)
FN:148,(anonymous_7)
FN:149,(anonymous_8)
FN:154,(anonymous_9)
FN:157,(anonymous_10)
FN:166,(anonymous_11)
FN:167,(anonymous_12)
FN:168,(anonymous_13)
FN:171,(anonymous_14)
FN:173,(anonymous_15)
FN:175,(anonymous_16)
FN:176,(anonymous_17)
FN:180,(anonymous_18)
FN:213,(anonymous_19)
FN:226,(anonymous_20)
FN:236,(anonymous_21)
FN:244,(anonymous_22)
FN:254,(anonymous_23)
FN:263,(anonymous_24)
FN:276,(anonymous_25)
FN:352,(anonymous_26)
FN:452,(anonymous_27)
FN:476,(anonymous_28)
FN:501,(anonymous_29)
FN:518,(anonymous_30)
FN:548,(anonymous_31)
FN:560,(anonymous_32)
FN:582,(anonymous_33)
FN:680,(anonymous_34)
FN:738,(anonymous_35)
FN:768,(anonymous_36)
FN:778,(anonymous_37)
FN:802,(anonymous_38)
FN:815,(anonymous_39)
FN:831,(anonymous_40)
FN:859,(anonymous_41)
FN:878,(anonymous_42)
FN:898,(anonymous_43)
FN:936,(anonymous_44)
FN:959,(anonymous_45)
FN:996,(anonymous_46)
FNF:47
FNH:0
FNDA:0,(anonymous_0)
FNDA:0,(anonymous_1)
FNDA:0,(anonymous_2)
FNDA:0,(anonymous_3)
FNDA:0,(anonymous_4)
FNDA:0,(anonymous_5)
FNDA:0,(anonymous_6)
FNDA:0,(anonymous_7)
FNDA:0,(anonymous_8)
FNDA:0,(anonymous_9)
FNDA:0,(anonymous_10)
FNDA:0,(anonymous_11)
FNDA:0,(anonymous_12)
FNDA:0,(anonymous_13)
FNDA:0,(anonymous_14)
FNDA:0,(anonymous_15)
FNDA:0,(anonymous_16)
FNDA:0,(anonymous_17)
FNDA:0,(anonymous_18)
FNDA:0,(anonymous_19)
FNDA:0,(anonymous_20)
FNDA:0,(anonymous_21)
FNDA:0,(anonymous_22)
FNDA:0,(anonymous_23)
FNDA:0,(anonymous_24)
FNDA:0,(anonymous_25)
FNDA:0,(anonymous_26)
FNDA:0,(anonymous_27)
FNDA:0,(anonymous_28)
FNDA:0,(anonymous_29)
FNDA:0,(anonymous_30)
FNDA:0,(anonymous_31)
FNDA:0,(anonymous_32)
FNDA:0,(anonymous_33)
FNDA:0,(anonymous_34)
FNDA:0,(anonymous_35)
FNDA:0,(anonymous_36)
FNDA:0,(anonymous_37)
FNDA:0,(anonymous_38)
FNDA:0,(anonymous_39)
FNDA:0,(anonymous_40)
FNDA:0,(anonymous_41)
FNDA:0,(anonymous_42)
FNDA:0,(anonymous_43)
FNDA:0,(anonymous_44)
FNDA:0,(anonymous_45)
FNDA:0,(anonymous_46)
DA:10,0
DA:23,0
DA:39,0
DA:40,0
DA:43,0
DA:44,0
DA:45,0
DA:47,0
DA:50,0
DA:51,0
DA:52,0
DA:53,0
DA:54,0
DA:55,0
DA:58,0
DA:59,0
DA:60,0
DA:63,0
DA:64,0
DA:65,0
DA:67,0
DA:70,0
DA:71,0
DA:72,0
DA:84,0
DA:89,0
DA:92,0
DA:95,0
DA:102,0
DA:103,0
DA:104,0
DA:105,0
DA:106,0
DA:117,0
DA:126,0
DA:127,0
DA:129,0
DA:130,0
DA:134,0
DA:139,0
DA:143,0
DA:144,0
DA:147,0
DA:148,0
DA:149,0
DA:150,0
DA:151,0
DA:154,0
DA:157,0
DA:159,0
DA:160,0
DA:163,0
DA:166,0
DA:167,0
DA:168,0
DA:171,0
DA:173,0
DA:175,0
DA:176,0
DA:178,0
DA:179,0
DA:180,0
DA:183,0
DA:188,0
DA:194,0
DA:214,0
DA:215,0
DA:216,0
DA:217,0
DA:227,0
DA:228,0
DA:237,0
DA:245,0
DA:246,0
DA:255,0
DA:264,0
DA:265,0
DA:266,0
DA:267,0
DA:283,0
DA:284,0
DA:285,0
DA:287,0
DA:288,0
DA:291,0
DA:292,0
DA:294,0
DA:295,0
DA:296,0
DA:299,0
DA:300,0
DA:301,0
DA:304,0
DA:306,0
DA:321,0
DA:332,0
DA:335,0
DA:337,0
DA:340,0
DA:342,0
DA:343,0
DA:354,0
DA:357,0
DA:358,0
DA:359,0
DA:360,0
DA:361,0
DA:369,0
DA:373,0
DA:378,0
DA:385,0
DA:390,0
DA:397,0
DA:398,0
DA:399,0
DA:400,0
DA:401,0
DA:402,0
DA:405,0
DA:406,0
DA:407,0
DA:408,0
DA:409,0
DA:410,0
DA:413,0
DA:414,0
DA:424,0
DA:426,0
DA:430,0
DA:453,0
DA:454,0
DA:455,0
DA:456,0
DA:462,0
DA:466,0
DA:488,0
DA:489,0
DA:490,0
DA:497,0
DA:500,0
DA:501,0
DA:502,0
DA:506,0
DA:507,0
DA:521,0
DA:522,0
DA:523,0
DA:526,0
DA:529,0
DA:530,0
DA:537,0
DA:543,0
DA:548,0
DA:561,0
DA:563,0
DA:564,0
DA:565,0
DA:568,0
DA:570,0
DA:571,0
DA:572,0
DA:573,0
DA:574,0
DA:575,0
DA:578,0
DA:579,0
DA:580,0
DA:582,0
DA:583,0
DA:584,0
DA:586,0
DA:587,0
DA:588,0
DA:589,0
DA:590,0
DA:591,0
DA:592,0
DA:594,0
DA:597,0
DA:602,0
DA:603,0
DA:606,0
DA:607,0
DA:610,0
DA:611,0
DA:614,0
DA:615,0
DA:621,0
DA:624,0
DA:625,0
DA:626,0
DA:630,0
DA:631,0
DA:632,0
DA:634,0
DA:637,0
DA:638,0
DA:641,0
DA:642,0
DA:645,0
DA:648,0
DA:653,0
DA:656,0
DA:663,0
DA:664,0
DA:669,0
DA:670,0
DA:681,0
DA:682,0
DA:685,0
DA:686,0
DA:689,0
DA:690,0
DA:693,0
DA:694,0
DA:697,0
DA:698,0
DA:701,0
DA:702,0
DA:705,0
DA:709,0
DA:712,0
DA:713,0
DA:723,0
DA:724,0
DA:728,0
DA:729,0
DA:743,0
DA:744,0
DA:746,0
DA:747,0
DA:749,0
DA:750,0
DA:752,0
DA:753,0
DA:755,0
DA:756,0
DA:769,0
DA:770,0
DA:779,0
DA:780,0
DA:782,0
DA:784,0
DA:785,0
DA:786,0
DA:787,0
DA:788,0
DA:789,0
DA:790,0
DA:803,0
DA:808,0
DA:816,0
DA:817,0
DA:818,0
DA:819,0
DA:820,0
DA:821,0
DA:823,0
DA:842,0
DA:845,0
DA:847,0
DA:860,0
DA:861,0
DA:867,0
DA:872,0
DA:874,0
DA:876,0
DA:877,0
DA:878,0
DA:879,0
DA:881,0
DA:882,0
DA:884,0
DA:885,0
DA:891,0
DA:902,0
DA:904,0
DA:917,0
DA:918,0
DA:937,0
DA:938,0
DA:939,0
DA:942,0
DA:944,0
DA:946,0
DA:947,0
DA:948,0
DA:950,0
DA:951,0
DA:960,0
DA:961,0
DA:964,0
DA:967,0
DA:968,0
DA:969,0
DA:973,0
DA:977,0
DA:978,0
DA:979,0
DA:982,0
DA:983,0
DA:984,0
DA:987,0
DA:997,0
DA:998,0
DA:1000,0
DA:1003,0
DA:1004,0
DA:1006,0
DA:1009,0
DA:1010,0
DA:1012,0
DA:1013,0
DA:1018,0
DA:1020,0
DA:1021,0
DA:1022,0
DA:1025,0
DA:1026,0
DA:1027,0
DA:1028,0
DA:1031,0
DA:1032,0
DA:1033,0
DA:1034,0
DA:1035,0
DA:1036,0
DA:1041,0
DA:1043,0
DA:1046,0
DA:1047,0
DA:1048,0
DA:1049,0
DA:1050,0
DA:1051,0
DA:1054,0
DA:1059,0
LF:337
LH:0
BRDA:103,0,0,0
BRDA:103,0,1,0
BRDA:104,1,0,0
BRDA:104,1,1,0
BRDA:126,2,0,0
BRDA:126,2,1,0
BRDA:126,3,0,0
BRDA:126,3,1,0
BRDA:159,4,0,0
BRDA:159,4,1,0
BRDA:178,5,0,0
BRDA:178,5,1,0
BRDA:178,6,0,0
BRDA:178,6,1,0
BRDA:178,6,2,0
BRDA:188,7,0,0
BRDA:188,7,1,0
BRDA:188,8,0,0
BRDA:188,8,1,0
BRDA:188,8,2,0
BRDA:190,9,0,0
BRDA:190,9,1,0
BRDA:190,10,0,0
BRDA:190,10,1,0
BRDA:190,10,2,0
BRDA:194,11,0,0
BRDA:194,11,1,0
BRDA:214,12,0,0
BRDA:214,12,1,0
BRDA:216,13,0,0
BRDA:216,13,1,0
BRDA:227,14,0,0
BRDA:227,14,1,0
BRDA:245,15,0,0
BRDA:245,15,1,0
BRDA:265,16,0,0
BRDA:265,16,1,0
BRDA:294,17,0,0
BRDA:294,17,1,0
BRDA:299,18,0,0
BRDA:299,18,1,0
BRDA:299,19,0,0
BRDA:299,19,1,0
BRDA:299,19,2,0
BRDA:306,20,0,0
BRDA:306,20,1,0
BRDA:326,21,0,0
BRDA:326,21,1,0
BRDA:332,22,0,0
BRDA:332,22,1,0
BRDA:332,23,0,0
BRDA:332,23,1,0
BRDA:332,23,2,0
BRDA:342,24,0,0
BRDA:342,24,1,0
BRDA:357,25,0,0
BRDA:357,25,1,0
BRDA:357,26,0,0
BRDA:357,26,1,0
BRDA:413,27,0,0
BRDA:413,27,1,0
BRDA:455,28,0,0
BRDA:455,28,1,0
BRDA:462,29,0,0
BRDA:462,29,1,0
BRDA:462,30,0,0
BRDA:462,30,1,0
BRDA:466,31,0,0
BRDA:466,31,1,0
BRDA:466,32,0,0
BRDA:466,32,1,0
BRDA:497,33,0,0
BRDA:497,33,1,0
BRDA:526,34,0,0
BRDA:526,34,1,0
BRDA:526,34,2,0
BRDA:526,34,3,0
BRDA:526,34,4,0
BRDA:563,35,0,0
BRDA:563,35,1,0
BRDA:568,36,0,0
BRDA:568,36,1,0
BRDA:575,37,0,0
BRDA:575,37,1,0
BRDA:583,38,0,0
BRDA:583,38,1,0
BRDA:594,39,0,0
BRDA:594,39,1,0
BRDA:606,40,0,0
BRDA:606,40,1,0
BRDA:610,41,0,0
BRDA:610,41,1,0
BRDA:621,42,0,0
BRDA:621,42,1,0
BRDA:621,43,0,0
BRDA:621,43,1,0
BRDA:621,43,2,0
BRDA:625,44,0,0
BRDA:625,44,1,0
BRDA:630,45,0,0
BRDA:630,45,1,0
BRDA:630,46,0,0
BRDA:630,46,1,0
BRDA:630,46,2,0
BRDA:632,47,0,0
BRDA:632,47,1,0
BRDA:637,48,0,0
BRDA:637,48,1,0
BRDA:641,49,0,0
BRDA:641,49,1,0
BRDA:641,50,0,0
BRDA:641,50,1,0
BRDA:645,51,0,0
BRDA:645,51,1,0
BRDA:645,52,0,0
BRDA:645,52,1,0
BRDA:653,53,0,0
BRDA:653,53,1,0
BRDA:669,54,0,0
BRDA:669,54,1,0
BRDA:669,55,0,0
BRDA:669,55,1,0
BRDA:681,56,0,0
BRDA:681,56,1,0
BRDA:685,57,0,0
BRDA:685,57,1,0
BRDA:689,58,0,0
BRDA:689,58,1,0
BRDA:693,59,0,0
BRDA:693,59,1,0
BRDA:697,60,0,0
BRDA:697,60,1,0
BRDA:697,61,0,0
BRDA:697,61,1,0
BRDA:701,62,0,0
BRDA:701,62,1,0
BRDA:705,63,0,0
BRDA:705,63,1,0
BRDA:712,64,0,0
BRDA:712,64,1,0
BRDA:723,65,0,0
BRDA:723,65,1,0
BRDA:723,66,0,0
BRDA:723,66,1,0
BRDA:723,66,2,0
BRDA:728,67,0,0
BRDA:728,67,1,0
BRDA:728,68,0,0
BRDA:728,68,1,0
BRDA:728,68,2,0
BRDA:743,69,0,0
BRDA:743,69,1,0
BRDA:743,70,0,0
BRDA:743,70,1,0
BRDA:746,71,0,0
BRDA:746,71,1,0
BRDA:746,72,0,0
BRDA:746,72,1,0
BRDA:749,73,0,0
BRDA:749,73,1,0
BRDA:749,74,0,0
BRDA:749,74,1,0
BRDA:752,75,0,0
BRDA:752,75,1,0
BRDA:752,76,0,0
BRDA:752,76,1,0
BRDA:755,77,0,0
BRDA:755,77,1,0
BRDA:755,78,0,0
BRDA:755,78,1,0
BRDA:769,79,0,0
BRDA:769,79,1,0
BRDA:779,80,0,0
BRDA:779,80,1,0
BRDA:779,81,0,0
BRDA:779,81,1,0
BRDA:789,82,0,0
BRDA:789,82,1,0
BRDA:789,83,0,0
BRDA:789,83,1,0
BRDA:789,83,2,0
BRDA:803,84,0,0
BRDA:803,84,1,0
BRDA:803,85,0,0
BRDA:803,85,1,0
BRDA:817,86,0,0
BRDA:817,86,1,0
BRDA:842,87,0,0
BRDA:842,87,1,0
BRDA:842,88,0,0
BRDA:842,88,1,0
BRDA:860,89,0,0
BRDA:860,89,1,0
BRDA:860,90,0,0
BRDA:860,90,1,0
BRDA:860,90,2,0
BRDA:860,90,3,0
BRDA:863,91,0,0
BRDA:863,91,1,0
BRDA:865,92,0,0
BRDA:865,92,1,0
BRDA:872,93,0,0
BRDA:872,93,1,0
BRDA:872,94,0,0
BRDA:872,94,1,0
BRDA:876,95,0,0
BRDA:876,95,1,0
BRDA:902,96,0,0
BRDA:902,96,1,0
BRDA:910,97,0,0
BRDA:910,97,1,0
BRDA:917,98,0,0
BRDA:917,98,1,0
BRDA:937,99,0,0
BRDA:937,99,1,0
BRDA:961,100,0,0
BRDA:961,100,1,0
BRDA:961,100,2,0
BRDA:961,100,3,0
BRDA:961,100,4,0
BRDA:961,100,5,0
BRDA:1000,101,0,0
BRDA:1000,101,1,0
BRDA:1000,101,2,0
BRDA:1000,101,3,0
BRDA:1000,101,4,0
BRDA:1000,101,5,0
BRDA:1000,101,6,0
BRDA:1000,101,7,0
BRDA:1012,102,0,0
BRDA:1012,102,1,0
BRDA:1025,103,0,0
BRDA:1025,103,1,0
BRDA:1031,104,0,0
BRDA:1031,104,1,0
BRDA:1046,105,0,0
BRDA:1046,105,1,0
BRF:237
BRH:0
end_of_record
TN:
SF:game/GameSetupController.js
FN:23,(anonymous_0)
FN:42,(anonymous_1)
FN:108,(anonymous_2)
FN:113,(anonymous_3)
FN:116,(anonymous_4)
FN:122,(anonymous_5)
FN:164,(anonymous_6)
FN:209,(anonymous_7)
FN:256,(anonymous_8)
FNF:9
FNH:0
FNDA:0,(anonymous_0)
FNDA:0,(anonymous_1)
FNDA:0,(anonymous_2)
FNDA:0,(anonymous_3)
FNDA:0,(anonymous_4)
FNDA:0,(anonymous_5)
FNDA:0,(anonymous_6)
FNDA:0,(anonymous_7)
FNDA:0,(anonymous_8)
DA:24,0
DA:25,0
DA:29,0
DA:45,0
DA:46,0
DA:47,0
DA:49,0
DA:52,0
DA:54,0
DA:56,0
DA:59,0
DA:64,0
DA:75,0
DA:78,0
DA:81,0
DA:110,0
DA:111,0
DA:112,0
DA:113,0
DA:115,0
DA:116,0
DA:121,0
DA:122,0
DA:124,0
DA:127,0
DA:128,0
DA:130,0
DA:131,0
DA:132,0
DA:135,0
DA:138,0
DA:141,0
DA:142,0
DA:143,0
DA:144,0
DA:149,0
DA:150,0
DA:151,0
DA:153,0
DA:167,0
DA:168,0
DA:169,0
DA:170,0
DA:171,0
DA:172,0
DA:174,0
DA:183,0
DA:195,0
DA:212,0
DA:214,0
DA:216,0
DA:218,0
DA:220,0
DA:222,0
DA:226,0
DA:227,0
DA:229,0
DA:230,0
DA:232,0
DA:233,0
DA:234,0
DA:235,0
DA:258,0
DA:271,0
DA:274,0
DA:277,0
DA:280,0
DA:282,0
DA:284,0
DA:292,0
DA:293,0
DA:298,0
DA:301,0
DA:303,0
DA:307,0
DA:308,0
DA:320,0
DA:327,0
LF:78
LH:0
BRDA:23,0,0,0
BRDA:47,1,0,0
BRDA:47,1,1,0
BRDA:49,2,0,0
BRDA:49,2,1,0
BRDA:54,3,0,0
BRDA:54,3,1,0
BRDA:121,4,0,0
BRDA:121,4,1,0
BRDA:122,5,0,0
BRDA:122,5,1,0
BRDA:149,6,0,0
BRDA:149,6,1,0
BRDA:150,7,0,0
BRDA:150,7,1,0
BRDA:151,8,0,0
BRDA:151,8,1,0
BRDA:174,9,0,0
BRDA:174,9,1,0
BRDA:212,10,0,0
BRDA:212,10,1,0
BRDA:216,11,0,0
BRDA:216,11,1,0
BRDA:220,12,0,0
BRDA:220,12,1,0
BRDA:226,13,0,0
BRDA:226,13,1,0
BRDA:226,14,0,0
BRDA:226,14,1,0
BRDA:226,14,2,0
BRDA:229,15,0,0
BRDA:229,15,1,0
BRDA:229,16,0,0
BRDA:229,16,1,0
BRDA:258,17,0,0
BRDA:258,17,1,0
BRDA:258,18,0,0
BRDA:258,18,1,0
BRDA:258,18,2,0
BRDA:258,18,3,0
BRDA:258,18,4,0
BRDA:258,18,5,0
BRDA:258,18,6,0
BRDA:271,19,0,0
BRDA:271,19,1,0
BRDA:292,20,0,0
BRDA:292,20,1,0
BRDA:292,21,0,0
BRDA:292,21,1,0
BRDA:301,22,0,0
BRDA:301,22,1,0
BRDA:307,23,0,0
BRDA:307,23,1,0
BRDA:307,24,0,0
BRDA:307,24,1,0
BRF:55
BRH:0
end_of_record
TN:
SF:game/camera/CameraController.js
FN:15,(anonymous_0)
FN:53,(anonymous_1)
FN:55,(anonymous_2)
FN:56,(anonymous_3)
FN:57,(anonymous_4)
FN:58,(anonymous_5)
FN:59,(anonymous_6)
FN:60,(anonymous_7)
FN:61,(anonymous_8)
FN:64,(anonymous_9)
FN:74,(anonymous_10)
FN:85,(anonymous_11)
FN:95,(anonymous_12)
FN:108,(anonymous_13)
FN:127,(anonymous_14)
FN:158,(anonymous_15)
FN:184,(anonymous_16)
FN:209,(anonymous_17)
FN:247,(anonymous_18)
FN:262,(anonymous_19)
FN:278,(anonymous_20)
FNF:21
FNH:0
FNDA:0,(anonymous_0)
FNDA:0,(anonymous_1)
FNDA:0,(anonymous_2)
FNDA:0,(anonymous_3)
FNDA:0,(anonymous_4)
FNDA:0,(anonymous_5)
FNDA:0,(anonymous_6)
FNDA:0,(anonymous_7)
FNDA:0,(anonymous_8)
FNDA:0,(anonymous_9)
FNDA:0,(anonymous_10)
FNDA:0,(anonymous_11)
FNDA:0,(anonymous_12)
FNDA:0,(anonymous_13)
FNDA:0,(anonymous_14)
FNDA:0,(anonymous_15)
FNDA:0,(anonymous_16)
FNDA:0,(anonymous_17)
FNDA:0,(anonymous_18)
FNDA:0,(anonymous_19)
FNDA:0,(anonymous_20)
DA:16,0
DA:17,0
DA:18,0
DA:24,0
DA:29,0
DA:34,0
DA:39,0
DA:44,0
DA:46,0
DA:55,0
DA:56,0
DA:57,0
DA:58,0
DA:59,0
DA:60,0
DA:61,0
DA:64,0
DA:67,0
DA:73,0
DA:74,0
DA:76,0
DA:86,0
DA:87,0
DA:96,0
DA:97,0
DA:109,0
DA:116,0
DA:128,0
DA:130,0
DA:131,0
DA:132,0
DA:141,0
DA:142,0
DA:143,0
DA:144,0
DA:146,0
DA:149,0
DA:159,0
DA:161,0
DA:163,0
DA:165,0
DA:168,0
DA:185,0
DA:187,0
DA:188,0
DA:189,0
DA:191,0
DA:192,0
DA:193,0
DA:210,0
DA:212,0
DA:216,0
DA:217,0
DA:218,0
DA:219,0
DA:221,0
DA:223,0
DA:226,0
DA:231,0
DA:232,0
DA:233,0
DA:235,0
DA:249,0
DA:250,0
DA:263,0
DA:264,0
DA:265,0
DA:266,0
DA:267,0
DA:282,0
LF:70
LH:0
BRDA:67,0,0,0
BRDA:67,0,1,0
BRDA:67,1,0,0
BRDA:67,1,1,0
BRDA:67,1,2,0
BRDA:69,2,0,0
BRDA:69,2,1,0
BRDA:69,3,0,0
BRDA:69,3,1,0
BRDA:69,3,2,0
BRDA:73,4,0,0
BRDA:73,4,1,0
BRDA:86,5,0,0
BRDA:86,5,1,0
BRDA:96,6,0,0
BRDA:96,6,1,0
BRDA:109,7,0,0
BRDA:109,7,1,0
BRDA:109,8,0,0
BRDA:109,8,1,0
BRDA:109,8,2,0
BRDA:128,9,0,0
BRDA:128,9,1,0
BRDA:128,10,0,0
BRDA:128,10,1,0
BRDA:131,11,0,0
BRDA:131,11,1,0
BRDA:141,12,0,0
BRDA:141,12,1,0
BRDA:143,13,0,0
BRDA:143,13,1,0
BRDA:159,14,0,0
BRDA:159,14,1,0
BRDA:161,15,0,0
BRDA:161,15,1,0
BRDA:161,16,0,0
BRDA:161,16,1,0
BRDA:163,17,0,0
BRDA:163,17,1,0
BRDA:163,18,0,0
BRDA:163,18,1,0
BRDA:185,19,0,0
BRDA:185,19,1,0
BRDA:191,20,0,0
BRDA:191,20,1,0
BRDA:210,21,0,0
BRDA:210,21,1,0
BRDA:210,22,0,0
BRDA:210,22,1,0
BRDA:212,23,0,0
BRDA:212,23,1,0
BRDA:216,24,0,0
BRDA:216,24,1,0
BRDA:216,25,0,0
BRDA:216,25,1,0
BRDA:221,26,0,0
BRDA:221,26,1,0
BRDA:221,27,0,0
BRDA:221,27,1,0
BRDA:231,28,0,0
BRDA:231,28,1,0
BRDA:249,29,0,0
BRDA:249,29,1,0
BRDA:263,30,0,0
BRDA:263,30,1,0
BRDA:263,31,0,0
BRDA:263,31,1,0
BRF:67
BRH:0
end_of_record
TN:
SF:game/missions/MissionManager.js
FN:29,(anonymous_0)
FN:48,(anonymous_1)
FN:53,(anonymous_2)
FN:64,(anonymous_3)
FN:65,(anonymous_4)
FN:91,(anonymous_5)
FN:102,(anonymous_6)
FN:110,(anonymous_7)
FN:128,(anonymous_8)
FN:129,(anonymous_9)
FN:137,(anonymous_10)
FN:148,(anonymous_11)
FN:149,(anonymous_12)
FN:156,(anonymous_13)
FN:171,(anonymous_14)
FN:176,(anonymous_15)
FN:198,(anonymous_16)
FN:205,(anonymous_17)
FN:213,(anonymous_18)
FN:238,(anonymous_19)
FN:265,(anonymous_20)
FN:267,(anonymous_21)
FN:268,(anonymous_22)
FNF:23
FNH:0
FNDA:0,(anonymous_0)
FNDA:0,(anonymous_1)
FNDA:0,(anonymous_2)
FNDA:0,(anonymous_3)
FNDA:0,(anonymous_4)
FNDA:0,(anonymous_5)
FNDA:0,(anonymous_6)
FNDA:0,(anonymous_7)
FNDA:0,(anonymous_8)
FNDA:0,(anonymous_9)
FNDA:0,(anonymous_10)
FNDA:0,(anonymous_11)
FNDA:0,(anonymous_12)
FNDA:0,(anonymous_13)
FNDA:0,(anonymous_14)
FNDA:0,(anonymous_15)
FNDA:0,(anonymous_16)
FNDA:0,(anonymous_17)
FNDA:0,(anonymous_18)
FNDA:0,(anonymous_19)
FNDA:0,(anonymous_20)
FNDA:0,(anonymous_21)
FNDA:0,(anonymous_22)
DA:34,0
DA:40,0
DA:42,0
DA:49,0
DA:50,0
DA:51,0
DA:53,0
DA:65,0
DA:66,0
DA:67,0
DA:70,0
DA:78,0
DA:80,0
DA:92,0
DA:94,0
DA:95,0
DA:97,0
DA:98,0
DA:99,0
DA:101,0
DA:102,0
DA:103,0
DA:104,0
DA:105,0
DA:109,0
DA:110,0
DA:111,0
DA:115,0
DA:116,0
DA:121,0
DA:129,0
DA:138,0
DA:139,0
DA:149,0
DA:157,0
DA:159,0
DA:160,0
DA:161,0
DA:162,0
DA:172,0
DA:173,0
DA:174,0
DA:176,0
DA:177,0
DA:178,0
DA:179,0
DA:199,0
DA:201,0
DA:204,0
DA:205,0
DA:208,0
DA:210,0
DA:213,0
DA:214,0
DA:215,0
DA:218,0
DA:245,0
DA:246,0
DA:251,0
DA:253,0
DA:254,0
DA:256,0
DA:266,0
DA:267,0
DA:268,0
DA:270,0
DA:289,0
LF:67
LH:0
BRDA:49,0,0,0
BRDA:49,0,1,0
BRDA:65,1,0,0
BRDA:65,1,1,0
BRDA:65,2,0,0
BRDA:65,2,1,0
BRDA:65,2,2,0
BRDA:65,3,0,0
BRDA:65,3,1,0
BRDA:65,3,2,0
BRDA:95,4,0,0
BRDA:95,4,1,0
BRDA:97,5,0,0
BRDA:97,5,1,0
BRDA:103,6,0,0
BRDA:103,6,1,0
BRDA:103,7,0,0
BRDA:103,7,1,0
BRDA:109,8,0,0
BRDA:109,8,1,0
BRDA:139,9,0,0
BRDA:139,9,1,0
BRDA:172,10,0,0
BRDA:172,10,1,0
BRDA:172,11,0,0
BRDA:172,11,1,0
BRDA:172,11,2,0
BRDA:176,12,0,0
BRDA:176,12,1,0
BRDA:177,13,0,0
BRDA:177,13,1,0
BRDA:199,14,0,0
BRDA:199,14,1,0
BRDA:199,15,0,0
BRDA:199,15,1,0
BRDA:210,16,0,0
BRDA:210,16,1,0
BRDA:215,17,0,0
BRDA:215,17,1,0
BRDA:245,18,0,0
BRDA:245,18,1,0
BRDA:245,19,0,0
BRDA:245,19,1,0
BRDA:251,20,0,0
BRDA:251,20,1,0
BRDA:251,21,0,0
BRDA:251,21,1,0
BRDA:251,21,2,0
BRDA:254,22,0,0
BRDA:254,22,1,0
BRDA:275,23,0,0
BRDA:275,23,1,0
BRF:52
BRH:0
end_of_record
TN:
SF:game/particles/ParticleController.js
FN:14,(anonymous_0)
FN:27,(anonymous_1)
FN:30,(anonymous_2)
FN:37,(anonymous_3)
FN:73,(anonymous_4)
FN:137,(anonymous_5)
FN:175,(anonymous_6)
FN:230,(anonymous_7)
FN:276,(anonymous_8)
FN:330,(anonymous_9)
FN:373,(anonymous_10)
FN:397,(anonymous_11)
FNF:12
FNH:0
FNDA:0,(anonymous_0)
FNDA:0,(anonymous_1)
FNDA:0,(anonymous_2)
FNDA:0,(anonymous_3)
FNDA:0,(anonymous_4)
FNDA:0,(anonymous_5)
FNDA:0,(anonymous_6)
FNDA:0,(anonymous_7)
FNDA:0,(anonymous_8)
FNDA:0,(anonymous_9)
FNDA:0,(anonymous_10)
FNDA:0,(anonymous_11)
DA:15,0
DA:16,0
DA:18,0
DA:19,0
DA:20,0
DA:21,0
DA:22,0
DA:23,0
DA:26,0
DA:27,0
DA:28,0
DA:30,0
DA:31,0
DA:35,0
DA:36,0
DA:37,0
DA:38,0
DA:39,0
DA:40,0
DA:41,0
DA:52,0
DA:56,0
DA:61,0
DA:62,0
DA:74,0
DA:75,0
DA:78,0
DA:80,0
DA:81,0
DA:85,0
DA:86,0
DA:89,0
DA:90,0
DA:97,0
DA:98,0
DA:101,0
DA:102,0
DA:106,0
DA:110,0
DA:113,0
DA:114,0
DA:118,0
DA:119,0
DA:123,0
DA:124,0
DA:125,0
DA:126,0
DA:138,0
DA:139,0
DA:141,0
DA:143,0
DA:144,0
DA:149,0
DA:150,0
DA:178,0
DA:180,0
DA:182,0
DA:186,0
DA:187,0
DA:190,0
DA:191,0
DA:195,0
DA:197,0
DA:200,0
DA:203,0
DA:214,0
DA:231,0
DA:233,0
DA:236,0
DA:239,0
DA:240,0
DA:243,0
DA:246,0
DA:248,0
DA:260,0
DA:262,0
DA:263,0
DA:264,0
DA:277,0
DA:280,0
DA:283,0
DA:284,0
DA:286,0
DA:289,0
DA:292,0
DA:294,0
DA:298,0
DA:299,0
DA:300,0
DA:304,0
DA:306,0
DA:308,0
DA:312,0
DA:314,0
DA:316,0
DA:333,0
DA:345,0
DA:346,0
DA:347,0
DA:348,0
DA:350,0
DA:351,0
DA:352,0
DA:353,0
DA:354,0
DA:355,0
DA:356,0
DA:357,0
DA:361,0
DA:374,0
DA:375,0
DA:376,0
DA:377,0
DA:378,0
DA:379,0
DA:380,0
DA:381,0
DA:385,0
DA:386,0
DA:388,0
DA:398,0
DA:399,0
DA:401,0
LF:123
LH:0
BRDA:15,0,0,0
BRDA:15,0,1,0
BRDA:26,1,0,0
BRDA:26,1,1,0
BRDA:26,2,0,0
BRDA:26,2,1,0
BRDA:26,2,2,0
BRDA:35,3,0,0
BRDA:35,3,1,0
BRDA:35,4,0,0
BRDA:35,4,1,0
BRDA:35,4,2,0
BRDA:39,5,0,0
BRDA:39,5,1,0
BRDA:39,6,0,0
BRDA:39,6,1,0
BRDA:61,7,0,0
BRDA:61,7,1,0
BRDA:61,8,0,0
BRDA:61,8,1,0
BRDA:74,9,0,0
BRDA:74,9,1,0
BRDA:78,10,0,0
BRDA:78,10,1,0
BRDA:78,11,0,0
BRDA:78,11,1,0
BRDA:85,12,0,0
BRDA:85,12,1,0
BRDA:89,13,0,0
BRDA:89,13,1,0
BRDA:101,14,0,0
BRDA:101,14,1,0
BRDA:113,15,0,0
BRDA:113,15,1,0
BRDA:113,16,0,0
BRDA:113,16,1,0
BRDA:118,17,0,0
BRDA:118,17,1,0
BRDA:118,18,0,0
BRDA:118,18,1,0
BRDA:123,19,0,0
BRDA:123,19,1,0
BRDA:123,20,0,0
BRDA:123,20,1,0
BRDA:143,21,0,0
BRDA:143,21,1,0
BRDA:149,22,0,0
BRDA:149,22,1,0
BRDA:149,23,0,0
BRDA:149,23,1,0
BRDA:149,23,2,0
BRDA:277,24,0,0
BRDA:277,24,1,0
BRDA:277,25,0,0
BRDA:277,25,1,0
BRDA:277,25,2,0
BRDA:289,26,0,0
BRDA:289,26,1,0
BRDA:298,27,0,0
BRDA:298,27,1,0
BRDA:304,28,0,0
BRDA:304,28,1,0
BRDA:312,29,0,0
BRDA:312,29,1,0
BRDA:380,30,0,0
BRDA:380,30,1,0
BRDA:385,31,0,0
BRDA:385,31,1,0
BRDA:398,32,0,0
BRDA:398,32,1,0
BRF:70
BRH:0
end_of_record
TN:
SF:game/rocket/RocketCargo.js
FN:10,(anonymous_0)
FN:27,(anonymous_1)
FN:28,(anonymous_2)
FN:35,(anonymous_3)
FN:45,(anonymous_4)
FN:61,(anonymous_5)
FN:83,(anonymous_6)
FN:84,(anonymous_7)
FN:101,(anonymous_8)
FN:102,(anonymous_9)
FN:109,(anonymous_10)
FN:116,(anonymous_11)
FNF:12
FNH:0
FNDA:0,(anonymous_0)
FNDA:0,(anonymous_1)
FNDA:0,(anonymous_2)
FNDA:0,(anonymous_3)
FNDA:0,(anonymous_4)
FNDA:0,(anonymous_5)
FNDA:0,(anonymous_6)
FNDA:0,(anonymous_7)
FNDA:0,(anonymous_8)
FNDA:0,(anonymous_9)
FNDA:0,(anonymous_10)
FNDA:0,(anonymous_11)
DA:15,0
DA:20,0
DA:28,0
DA:36,0
DA:46,0
DA:47,0
DA:49,0
DA:50,0
DA:51,0
DA:54,0
DA:56,0
DA:57,0
DA:58,0
DA:61,0
DA:62,0
DA:63,0
DA:65,0
DA:68,0
DA:69,0
DA:71,0
DA:74,0
DA:84,0
DA:85,0
DA:87,0
DA:88,0
DA:90,0
DA:91,0
DA:92,0
DA:94,0
DA:102,0
DA:110,0
DA:117,0
LF:32
LH:0
BRDA:49,0,0,0
BRDA:49,0,1,0
BRDA:56,1,0,0
BRDA:56,1,1,0
BRDA:62,2,0,0
BRDA:62,2,1,0
BRDA:68,3,0,0
BRDA:68,3,1,0
BRDA:85,4,0,0
BRDA:85,4,1,0
BRDA:88,5,0,0
BRDA:88,5,1,0
BRDA:91,6,0,0
BRDA:91,6,1,0
BRF:14
BRH:0
end_of_record
TN:
SF:game/rocket/RocketController.js
FN:2,(anonymous_0)
FN:24,(anonymous_1)
FN:33,(anonymous_2)
FN:36,(anonymous_3)
FN:45,(anonymous_4)
FN:46,(anonymous_5)
FN:47,(anonymous_6)
FN:48,(anonymous_7)
FN:49,(anonymous_8)
FN:50,(anonymous_9)
FN:51,(anonymous_10)
FN:52,(anonymous_11)
FN:53,(anonymous_12)
FN:56,(anonymous_13)
FN:60,(anonymous_14)
FN:71,(anonymous_15)
FN:73,(anonymous_16)
FN:83,(anonymous_17)
FN:97,(anonymous_18)
FN:114,(anonymous_19)
FN:124,(anonymous_20)
FN:133,(anonymous_21)
FN:143,(anonymous_22)
FN:152,(anonymous_23)
FN:162,(anonymous_24)
FN:171,(anonymous_25)
FN:188,(anonymous_26)
FNF:27
FNH:0
FNDA:0,(anonymous_0)
FNDA:0,(anonymous_1)
FNDA:0,(anonymous_2)
FNDA:0,(anonymous_3)
FNDA:0,(anonymous_4)
FNDA:0,(anonymous_5)
FNDA:0,(anonymous_6)
FNDA:0,(anonymous_7)
FNDA:0,(anonymous_8)
FNDA:0,(anonymous_9)
FNDA:0,(anonymous_10)
FNDA:0,(anonymous_11)
FNDA:0,(anonymous_12)
FNDA:0,(anonymous_13)
FNDA:0,(anonymous_14)
FNDA:0,(anonymous_15)
FNDA:0,(anonymous_16)
FNDA:0,(anonymous_17)
FNDA:0,(anonymous_18)
FNDA:0,(anonymous_19)
FNDA:0,(anonymous_20)
FNDA:0,(anonymous_21)
FNDA:0,(anonymous_22)
FNDA:0,(anonymous_23)
FNDA:0,(anonymous_24)
FNDA:0,(anonymous_25)
FNDA:0,(anonymous_26)
DA:3,0
DA:4,0
DA:5,0
DA:7,0
DA:8,0
DA:9,0
DA:10,0
DA:11,0
DA:12,0
DA:15,0
DA:18,0
DA:21,0
DA:25,0
DA:26,0
DA:35,0
DA:36,0
DA:37,0
DA:38,0
DA:42,0
DA:45,0
DA:46,0
DA:47,0
DA:48,0
DA:49,0
DA:50,0
DA:51,0
DA:52,0
DA:53,0
DA:56,0
DA:59,0
DA:60,0
DA:61,0
DA:65,0
DA:72,0
DA:73,0
DA:74,0
DA:75,0
DA:78,0
DA:79,0
DA:84,0
DA:86,0
DA:88,0
DA:90,0
DA:91,0
DA:94,0
DA:98,0
DA:99,0
DA:100,0
DA:101,0
DA:104,0
DA:105,0
DA:106,0
DA:107,0
DA:109,0
DA:111,0
DA:115,0
DA:116,0
DA:117,0
DA:118,0
DA:119,0
DA:121,0
DA:125,0
DA:126,0
DA:127,0
DA:128,0
DA:130,0
DA:134,0
DA:135,0
DA:136,0
DA:137,0
DA:138,0
DA:140,0
DA:144,0
DA:145,0
DA:146,0
DA:147,0
DA:149,0
DA:153,0
DA:154,0
DA:155,0
DA:156,0
DA:157,0
DA:159,0
DA:163,0
DA:164,0
DA:165,0
DA:166,0
DA:168,0
DA:172,0
DA:174,0
DA:175,0
DA:177,0
DA:178,0
DA:180,0
DA:181,0
DA:183,0
DA:189,0
DA:191,0
DA:199,0
DA:200,0
DA:202,0
DA:206,0
DA:207,0
DA:208,0
DA:216,0
DA:217,0
DA:230,0
LF:107
LH:0
BRDA:7,0,0,0
BRDA:7,0,1,0
BRDA:7,1,0,0
BRDA:7,1,1,0
BRDA:9,2,0,0
BRDA:9,2,1,0
BRDA:9,3,0,0
BRDA:9,3,1,0
BRDA:11,4,0,0
BRDA:11,4,1,0
BRDA:11,5,0,0
BRDA:11,5,1,0
BRDA:25,6,0,0
BRDA:25,6,1,0
BRDA:25,7,0,0
BRDA:25,7,1,0
BRDA:35,8,0,0
BRDA:35,8,1,0
BRDA:37,9,0,0
BRDA:37,9,1,0
BRDA:59,10,0,0
BRDA:59,10,1,0
BRDA:59,11,0,0
BRDA:59,11,1,0
BRDA:72,12,0,0
BRDA:72,12,1,0
BRDA:74,13,0,0
BRDA:74,13,1,0
BRDA:84,14,0,0
BRDA:84,14,1,0
BRDA:84,15,0,0
BRDA:84,15,1,0
BRDA:90,16,0,0
BRDA:90,16,1,0
BRDA:98,17,0,0
BRDA:98,17,1,0
BRDA:98,18,0,0
BRDA:98,18,1,0
BRDA:100,19,0,0
BRDA:100,19,1,0
BRDA:104,20,0,0
BRDA:104,20,1,0
BRDA:104,21,0,0
BRDA:104,21,1,0
BRDA:105,22,0,0
BRDA:105,22,1,0
BRDA:105,23,0,0
BRDA:105,23,1,0
BRDA:115,24,0,0
BRDA:115,24,1,0
BRDA:115,25,0,0
BRDA:115,25,1,0
BRDA:118,26,0,0
BRDA:118,26,1,0
BRDA:125,27,0,0
BRDA:125,27,1,0
BRDA:125,28,0,0
BRDA:125,28,1,0
BRDA:127,29,0,0
BRDA:127,29,1,0
BRDA:134,30,0,0
BRDA:134,30,1,0
BRDA:134,31,0,0
BRDA:134,31,1,0
BRDA:137,32,0,0
BRDA:137,32,1,0
BRDA:144,33,0,0
BRDA:144,33,1,0
BRDA:144,34,0,0
BRDA:144,34,1,0
BRDA:146,35,0,0
BRDA:146,35,1,0
BRDA:153,36,0,0
BRDA:153,36,1,0
BRDA:153,37,0,0
BRDA:153,37,1,0
BRDA:156,38,0,0
BRDA:156,38,1,0
BRDA:163,39,0,0
BRDA:163,39,1,0
BRDA:163,40,0,0
BRDA:163,40,1,0
BRDA:165,41,0,0
BRDA:165,41,1,0
BRDA:172,42,0,0
BRDA:172,42,1,0
BRDA:172,43,0,0
BRDA:172,43,1,0
BRDA:172,43,2,0
BRDA:177,44,0,0
BRDA:177,44,1,0
BRDA:177,45,0,0
BRDA:177,45,1,0
BRDA:180,46,0,0
BRDA:180,46,1,0
BRDA:189,47,0,0
BRDA:189,47,1,0
BRDA:189,48,0,0
BRDA:189,48,1,0
BRDA:202,49,0,0
BRDA:202,49,1,0
BRDA:206,50,0,0
BRDA:206,50,1,0
BRDA:207,51,0,0
BRDA:207,51,1,0
BRDA:208,52,0,0
BRDA:208,52,1,0
BRF:107
BRH:0
end_of_record
TN:
SF:input/InputController.js
FN:71,(anonymous_0)
FN:156,(anonymous_1)
FN:159,(anonymous_2)
FN:166,(anonymous_3)
FN:184,(anonymous_4)
FN:185,(anonymous_5)
FN:196,(anonymous_6)
FN:205,(anonymous_7)
FN:245,(anonymous_8)
FN:246,(anonymous_9)
FN:257,(anonymous_10)
FN:267,(anonymous_11)
FN:286,(anonymous_12)
FN:288,(anonymous_13)
FN:295,(anonymous_14)
FN:319,(anonymous_15)
FN:342,(anonymous_16)
FN:361,(anonymous_17)
FN:418,(anonymous_18)
FN:490,(anonymous_19)
FN:505,(anonymous_20)
FN:537,(anonymous_21)
FN:615,(anonymous_22)
FN:635,(anonymous_23)
FN:645,(anonymous_24)
FN:653,(anonymous_25)
FN:663,(anonymous_26)
FN:664,(anonymous_27)
FNF:28
FNH:0
FNDA:0,(anonymous_0)
FNDA:0,(anonymous_1)
FNDA:0,(anonymous_2)
FNDA:0,(anonymous_3)
FNDA:0,(anonymous_4)
FNDA:0,(anonymous_5)
FNDA:0,(anonymous_6)
FNDA:0,(anonymous_7)
FNDA:0,(anonymous_8)
FNDA:0,(anonymous_9)
FNDA:0,(anonymous_10)
FNDA:0,(anonymous_11)
FNDA:0,(anonymous_12)
FNDA:0,(anonymous_13)
FNDA:0,(anonymous_14)
FNDA:0,(anonymous_15)
FNDA:0,(anonymous_16)
FNDA:0,(anonymous_17)
FNDA:0,(anonymous_18)
FNDA:0,(anonymous_19)
FNDA:0,(anonymous_20)
FNDA:0,(anonymous_21)
FNDA:0,(anonymous_22)
FNDA:0,(anonymous_23)
FNDA:0,(anonymous_24)
FNDA:0,(anonymous_25)
FNDA:0,(anonymous_26)
FNDA:0,(anonymous_27)
DA:35,0
DA:72,0
DA:75,0
DA:78,0
DA:79,0
DA:80,0
DA:83,0
DA:84,0
DA:85,0
DA:88,0
DA:89,0
DA:90,0
DA:91,0
DA:92,0
DA:93,0
DA:96,0
DA:97,0
DA:98,0
DA:99,0
DA:100,0
DA:101,0
DA:104,0
DA:105,0
DA:122,0
DA:123,0
DA:124,0
DA:127,0
DA:128,0
DA:129,0
DA:130,0
DA:133,0
DA:141,0
DA:142,0
DA:143,0
DA:146,0
DA:157,0
DA:159,0
DA:167,0
DA:168,0
DA:170,0
DA:171,0
DA:172,0
DA:174,0
DA:185,0
DA:187,0
DA:188,0
DA:189,0
DA:193,0
DA:194,0
DA:196,0
DA:197,0
DA:198,0
DA:202,0
DA:203,0
DA:205,0
DA:206,0
DA:207,0
DA:208,0
DA:209,0
DA:213,0
DA:219,0
DA:221,0
DA:222,0
DA:223,0
DA:226,0
DA:227,0
DA:232,0
DA:234,0
DA:246,0
DA:247,0
DA:248,0
DA:249,0
DA:250,0
DA:251,0
DA:254,0
DA:255,0
DA:257,0
DA:258,0
DA:259,0
DA:260,0
DA:261,0
DA:264,0
DA:265,0
DA:267,0
DA:268,0
DA:269,0
DA:270,0
DA:274,0
DA:275,0
DA:276,0
DA:288,0
DA:289,0
DA:291,0
DA:292,0
DA:295,0
DA:296,0
DA:297,0
DA:300,0
DA:301,0
DA:304,0
DA:305,0
DA:306,0
DA:307,0
DA:308,0
DA:320,0
DA:321,0
DA:323,0
DA:324,0
DA:325,0
DA:326,0
DA:333,0
DA:343,0
DA:344,0
DA:345,0
DA:346,0
DA:347,0
DA:348,0
DA:349,0
DA:362,0
DA:363,0
DA:364,0
DA:368,0
DA:369,0
DA:370,0
DA:373,0
DA:375,0
DA:378,0
DA:379,0
DA:380,0
DA:382,0
DA:384,0
DA:385,0
DA:386,0
DA:388,0
DA:390,0
DA:391,0
DA:392,0
DA:394,0
DA:396,0
DA:397,0
DA:398,0
DA:400,0
DA:402,0
DA:403,0
DA:405,0
DA:406,0
DA:419,0
DA:420,0
DA:422,0
DA:424,0
DA:427,0
DA:428,0
DA:429,0
DA:431,0
DA:433,0
DA:434,0
DA:435,0
DA:437,0
DA:439,0
DA:440,0
DA:441,0
DA:443,0
DA:445,0
DA:446,0
DA:447,0
DA:449,0
DA:452,0
DA:453,0
DA:455,0
DA:456,0
DA:458,0
DA:459,0
DA:461,0
DA:462,0
DA:464,0
DA:465,0
DA:467,0
DA:468,0
DA:469,0
DA:471,0
DA:472,0
DA:474,0
DA:475,0
DA:477,0
DA:478,0
DA:491,0
DA:492,0
DA:494,0
DA:496,0
DA:499,0
DA:500,0
DA:502,0
DA:505,0
DA:506,0
DA:507,0
DA:509,0
DA:511,0
DA:512,0
DA:513,0
DA:516,0
DA:519,0
DA:520,0
DA:522,0
DA:523,0
DA:524,0
DA:530,0
DA:532,0
DA:537,0
DA:538,0
DA:539,0
DA:540,0
DA:542,0
DA:543,0
DA:549,0
DA:553,0
DA:557,0
DA:558,0
DA:560,0
DA:561,0
DA:562,0
DA:564,0
DA:565,0
DA:567,0
DA:568,0
DA:572,0
DA:573,0
DA:575,0
DA:576,0
DA:578,0
DA:579,0
DA:581,0
DA:582,0
DA:584,0
DA:585,0
DA:589,0
DA:591,0
DA:593,0
DA:594,0
DA:595,0
DA:597,0
DA:598,0
DA:599,0
DA:605,0
DA:616,0
DA:617,0
DA:618,0
DA:619,0
DA:620,0
DA:636,0
DA:637,0
DA:646,0
DA:647,0
DA:654,0
DA:655,0
DA:656,0
DA:657,0
DA:664,0
DA:665,0
DA:669,0
LF:259
LH:0
BRDA:167,0,0,0
BRDA:167,0,1,0
BRDA:187,1,0,0
BRDA:187,1,1,0
BRDA:187,2,0,0
BRDA:187,2,1,0
BRDA:197,3,0,0
BRDA:197,3,1,0
BRDA:207,4,0,0
BRDA:207,4,1,0
BRDA:213,5,0,0
BRDA:213,5,1,0
BRDA:213,6,0,0
BRDA:213,6,1,0
BRDA:221,7,0,0
BRDA:221,7,1,0
BRDA:221,8,0,0
BRDA:221,8,1,0
BRDA:223,9,0,0
BRDA:223,9,1,0
BRDA:223,10,0,0
BRDA:223,10,1,0
BRDA:223,10,2,0
BRDA:223,10,3,0
BRDA:223,10,4,0
BRDA:247,11,0,0
BRDA:247,11,1,0
BRDA:258,12,0,0
BRDA:258,12,1,0
BRDA:258,13,0,0
BRDA:258,13,1,0
BRDA:268,14,0,0
BRDA:268,14,1,0
BRDA:296,15,0,0
BRDA:296,15,1,0
BRDA:296,16,0,0
BRDA:296,16,1,0
BRDA:304,17,0,0
BRDA:304,17,1,0
BRDA:306,18,0,0
BRDA:306,18,1,0
BRDA:320,19,0,0
BRDA:320,19,1,0
BRDA:343,20,0,0
BRDA:343,20,1,0
BRDA:343,21,0,0
BRDA:343,21,1,0
BRDA:362,22,0,0
BRDA:362,22,1,0
BRDA:363,23,0,0
BRDA:363,23,1,0
BRDA:368,24,0,0
BRDA:368,24,1,0
BRDA:368,24,2,0
BRDA:369,25,0,0
BRDA:369,25,1,0
BRDA:369,26,0,0
BRDA:369,26,1,0
BRDA:369,26,2,0
BRDA:369,26,3,0
BRDA:373,27,0,0
BRDA:373,27,1,0
BRDA:375,28,0,0
BRDA:375,28,1,0
BRDA:375,28,2,0
BRDA:375,28,3,0
BRDA:375,28,4,0
BRDA:375,28,5,0
BRDA:375,28,6,0
BRDA:378,29,0,0
BRDA:378,29,1,0
BRDA:384,30,0,0
BRDA:384,30,1,0
BRDA:390,31,0,0
BRDA:390,31,1,0
BRDA:396,32,0,0
BRDA:396,32,1,0
BRDA:419,33,0,0
BRDA:419,33,1,0
BRDA:420,34,0,0
BRDA:420,34,1,0
BRDA:422,35,0,0
BRDA:422,35,1,0
BRDA:424,36,0,0
BRDA:424,36,1,0
BRDA:424,36,2,0
BRDA:424,36,3,0
BRDA:424,36,4,0
BRDA:424,36,5,0
BRDA:424,36,6,0
BRDA:424,36,7,0
BRDA:424,36,8,0
BRDA:424,36,9,0
BRDA:424,36,10,0
BRDA:424,36,11,0
BRDA:424,36,12,0
BRDA:424,36,13,0
BRDA:427,37,0,0
BRDA:427,37,1,0
BRDA:433,38,0,0
BRDA:433,38,1,0
BRDA:439,39,0,0
BRDA:439,39,1,0
BRDA:445,40,0,0
BRDA:445,40,1,0
BRDA:491,41,0,0
BRDA:491,41,1,0
BRDA:492,42,0,0
BRDA:492,42,1,0
BRDA:500,43,0,0
BRDA:500,43,1,0
BRDA:509,44,0,0
BRDA:509,44,1,0
BRDA:511,45,0,0
BRDA:511,45,1,0
BRDA:513,46,0,0
BRDA:513,46,1,0
BRDA:520,47,0,0
BRDA:520,47,1,0
BRDA:520,48,0,0
BRDA:520,48,1,0
BRDA:522,49,0,0
BRDA:522,49,1,0
BRDA:524,50,0,0
BRDA:524,50,1,0
BRDA:538,51,0,0
BRDA:538,51,1,0
BRDA:542,52,0,0
BRDA:542,52,1,0
BRDA:543,53,0,0
BRDA:543,53,1,0
BRDA:543,54,0,0
BRDA:543,54,1,0
BRDA:549,55,0,0
BRDA:549,55,1,0
BRDA:549,55,2,0
BRDA:549,55,3,0
BRDA:549,55,4,0
BRDA:549,55,5,0
BRDA:549,55,6,0
BRDA:549,55,7,0
BRDA:549,55,8,0
BRDA:589,56,0,0
BRDA:589,56,1,0
BRDA:589,57,0,0
BRDA:589,57,1,0
BRDA:591,58,0,0
BRDA:591,58,1,0
BRDA:617,59,0,0
BRDA:617,59,1,0
BRDA:619,60,0,0
BRDA:619,60,1,0
BRF:152
BRH:0
end_of_record
TN:
SF:models/CameraModel.js
FN:11,(anonymous_0)
FN:67,(anonymous_1)
FN:79,(anonymous_2)
FN:108,(anonymous_3)
FN:138,(anonymous_4)
FN:148,(anonymous_5)
FN:158,(anonymous_6)
FN:175,(anonymous_7)
FN:205,(anonymous_8)
FNF:9
FNH:0
FNDA:0,(anonymous_0)
FNDA:0,(anonymous_1)
FNDA:0,(anonymous_2)
FNDA:0,(anonymous_3)
FNDA:0,(anonymous_4)
FNDA:0,(anonymous_5)
FNDA:0,(anonymous_6)
FNDA:0,(anonymous_7)
FNDA:0,(anonymous_8)
DA:13,0
DA:15,0
DA:17,0
DA:22,0
DA:27,0
DA:32,0
DA:39,0
DA:45,0
DA:52,0
DA:57,0
DA:59,0
DA:70,0
DA:71,0
DA:83,0
DA:85,0
DA:88,0
DA:90,0
DA:91,0
DA:98,0
DA:110,0
DA:111,0
DA:115,0
DA:119,0
DA:120,0
DA:123,0
DA:124,0
DA:126,0
DA:127,0
DA:139,0
DA:149,0
DA:150,0
DA:159,0
DA:160,0
DA:177,0
DA:178,0
DA:179,0
DA:180,0
DA:186,0
DA:209,0
LF:39
LH:0
BRDA:11,0,0,0
BRDA:67,1,0,0
BRDA:83,2,0,0
BRDA:83,2,1,0
BRDA:83,3,0,0
BRDA:83,3,1,0
BRDA:88,4,0,0
BRDA:88,4,1,0
BRDA:110,5,0,0
BRDA:110,5,1,0
BRDA:110,6,0,0
BRDA:110,6,1,0
BRDA:110,6,2,0
BRDA:113,7,0,0
BRDA:113,7,1,0
BRDA:177,8,0,0
BRDA:177,8,1,0
BRDA:177,9,0,0
BRDA:177,9,1,0
BRDA:177,9,2,0
BRF:20
BRH:0
end_of_record
TN:
SF:models/CelestialBodyModel.js
FN:19,(anonymous_0)
FN:83,(anonymous_1)
FNF:2
FNH:0
FNDA:0,(anonymous_0)
FNDA:0,(anonymous_1)
DA:22,0
DA:26,0
DA:28,0
DA:30,0
DA:34,0
DA:40,0
DA:44,0
DA:50,0
DA:58,0
DA:60,0
DA:62,0
DA:64,0
DA:66,0
DA:84,0
DA:89,0
DA:93,0
DA:95,0
DA:98,0
DA:99,0
DA:101,0
DA:108,0
DA:110,0
DA:111,0
DA:115,0
LF:24
LH:0
BRDA:19,0,0,0
BRDA:19,1,0,0
BRDA:19,2,0,0
BRDA:19,3,0,0
BRDA:34,4,0,0
BRDA:34,4,1,0
BRDA:44,5,0,0
BRDA:44,5,1,0
BRDA:84,6,0,0
BRDA:84,6,1,0
BRDA:116,7,0,0
BRDA:116,7,1,0
BRDA:117,8,0,0
BRDA:117,8,1,0
BRF:14
BRH:0
end_of_record
TN:
SF:models/ParticleModel.js
FN:2,(anonymous_0)
FN:20,(anonymous_1)
FN:41,(anonymous_2)
FN:54,(anonymous_3)
FNF:4
FNH:0
FNDA:0,(anonymous_0)
FNDA:0,(anonymous_1)
FNDA:0,(anonymous_2)
FNDA:0,(anonymous_3)
DA:4,0
DA:5,0
DA:6,0
DA:7,0
DA:10,0
DA:11,0
DA:12,0
DA:15,0
DA:16,0
DA:17,0
DA:22,0
DA:23,0
DA:26,0
DA:27,0
DA:30,0
DA:31,0
DA:34,0
DA:37,0
DA:42,0
DA:43,0
DA:44,0
DA:46,0
DA:47,0
DA:48,0
DA:50,0
DA:55,0
DA:56,0
DA:57,0
LF:28
LH:0
BRF:0
BRH:0
end_of_record
TN:
SF:models/ParticleSystemModel.js
FN:15,(anonymous_0)
FN:113,(anonymous_1)
FN:126,(anonymous_2)
FN:142,(anonymous_3)
FN:161,(anonymous_4)
FN:172,(anonymous_5)
FN:181,(anonymous_6)
FNF:7
FNH:0
FNDA:0,(anonymous_0)
FNDA:0,(anonymous_1)
FNDA:0,(anonymous_2)
FNDA:0,(anonymous_3)
FNDA:0,(anonymous_4)
FNDA:0,(anonymous_5)
FNDA:0,(anonymous_6)
DA:22,0
DA:29,0
DA:100,0
DA:114,0
DA:115,0
DA:116,0
DA:127,0
DA:128,0
DA:143,0
DA:146,0
DA:148,0
DA:149,0
DA:151,0
DA:162,0
DA:163,0
DA:173,0
DA:182,0
DA:183,0
DA:184,0
DA:186,0
DA:189,0
DA:190,0
DA:192,0
DA:193,0
DA:196,0
DA:197,0
LF:26
LH:0
BRDA:114,0,0,0
BRDA:114,0,1,0
BRDA:127,1,0,0
BRDA:127,1,1,0
BRDA:142,2,0,0
BRDA:143,3,0,0
BRDA:143,3,1,0
BRDA:146,4,0,0
BRDA:146,4,1,0
BRDA:146,4,2,0
BRDA:146,4,3,0
BRDA:148,5,0,0
BRDA:148,5,1,0
BRDA:162,6,0,0
BRDA:162,6,1,0
BRDA:189,7,0,0
BRDA:189,7,1,0
BRDA:192,8,0,0
BRDA:192,8,1,0
BRDA:196,9,0,0
BRDA:196,9,1,0
BRF:21
BRH:0
end_of_record
TN:
SF:models/RocketModel.js
FN:14,(anonymous_0)
FN:137,(anonymous_1)
FN:170,(anonymous_2)
FN:180,(anonymous_3)
FN:189,(anonymous_4)
FN:197,(anonymous_5)
FN:208,(anonymous_6)
FN:227,(anonymous_7)
FN:245,(anonymous_8)
FN:279,(anonymous_9)
FN:341,(anonymous_10)
FN:417,(anonymous_11)
FNF:12
FNH:0
FNDA:0,(anonymous_0)
FNDA:0,(anonymous_1)
FNDA:0,(anonymous_2)
FNDA:0,(anonymous_3)
FNDA:0,(anonymous_4)
FNDA:0,(anonymous_5)
FNDA:0,(anonymous_6)
FNDA:0,(anonymous_7)
FNDA:0,(anonymous_8)
FNDA:0,(anonymous_9)
FNDA:0,(anonymous_10)
FNDA:0,(anonymous_11)
DA:16,0
DA:20,0
DA:22,0
DA:24,0
DA:26,0
DA:28,0
DA:32,0
DA:34,0
DA:36,0
DA:38,0
DA:40,0
DA:50,0
DA:91,0
DA:93,0
DA:95,0
DA:97,0
DA:99,0
DA:123,0
DA:130,0
DA:139,0
DA:140,0
DA:141,0
DA:142,0
DA:143,0
DA:146,0
DA:147,0
DA:148,0
DA:149,0
DA:150,0
DA:154,0
DA:155,0
DA:158,0
DA:159,0
DA:171,0
DA:172,0
DA:181,0
DA:182,0
DA:190,0
DA:198,0
DA:209,0
DA:212,0
DA:213,0
DA:214,0
DA:218,0
DA:219,0
DA:228,0
DA:229,0
DA:246,0
DA:248,0
DA:249,0
DA:250,0
DA:252,0
DA:253,0
DA:254,0
DA:255,0
DA:256,0
DA:257,0
DA:260,0
DA:261,0
DA:264,0
DA:268,0
DA:280,0
DA:283,0
DA:286,0
DA:289,0
DA:291,0
DA:292,0
DA:293,0
DA:294,0
DA:296,0
DA:297,0
DA:298,0
DA:302,0
DA:304,0
DA:305,0
DA:306,0
DA:312,0
DA:313,0
DA:327,0
DA:328,0
DA:343,0
DA:344,0
DA:348,0
DA:366,0
DA:368,0
DA:371,0
DA:372,0
DA:376,0
DA:390,0
DA:391,0
DA:396,0
DA:398,0
DA:399,0
DA:407,0
DA:408,0
DA:418,0
DA:420,0
DA:421,0
DA:422,0
DA:425,0
DA:429,0
DA:430,0
DA:431,0
DA:432,0
DA:434,0
DA:435,0
DA:439,0
DA:440,0
DA:444,0
DA:445,0
DA:446,0
DA:447,0
LF:112
LH:0
BRDA:209,0,0,0
BRDA:209,0,1,0
BRDA:212,1,0,0
BRDA:212,1,1,0
BRDA:212,2,0,0
BRDA:212,2,1,0
BRDA:246,3,0,0
BRDA:246,3,1,0
BRDA:252,4,0,0
BRDA:252,4,1,0
BRDA:254,5,0,0
BRDA:254,5,1,0
BRDA:280,6,0,0
BRDA:280,6,1,0
BRDA:286,7,0,0
BRDA:286,7,1,0
BRDA:291,8,0,0
BRDA:291,8,1,0
BRDA:296,9,0,0
BRDA:296,9,1,0
BRDA:297,10,0,0
BRDA:297,10,1,0
BRDA:305,11,0,0
BRDA:305,11,1,0
BRDA:327,12,0,0
BRDA:327,12,1,0
BRDA:327,13,0,0
BRDA:327,13,1,0
BRDA:343,14,0,0
BRDA:343,14,1,0
BRDA:343,15,0,0
BRDA:343,15,1,0
BRDA:343,15,2,0
BRDA:343,15,3,0
BRDA:366,16,0,0
BRDA:366,16,1,0
BRDA:366,17,0,0
BRDA:366,17,1,0
BRDA:376,18,0,0
BRDA:376,18,1,0
BRDA:396,19,0,0
BRDA:396,19,1,0
BRDA:407,20,0,0
BRDA:407,20,1,0
BRDA:418,21,0,0
BRDA:418,21,1,0
BRDA:421,22,0,0
BRDA:421,22,1,0
BRDA:432,23,0,0
BRDA:432,23,1,0
BRDA:434,24,0,0
BRDA:434,24,1,0
BRDA:439,25,0,0
BRDA:439,25,1,0
BRDA:444,26,0,0
BRDA:444,26,1,0
BRDA:446,27,0,0
BRDA:446,27,1,0
BRF:58
BRH:0
end_of_record
TN:
SF:models/UniverseModel.js
FN:14,(anonymous_0)
FN:62,(anonymous_1)
FN:87,(anonymous_2)
FN:102,(anonymous_3)
FN:110,(anonymous_4)
FN:124,(anonymous_5)
FN:151,(anonymous_6)
FN:176,(anonymous_7)
FNF:8
FNH:0
FNDA:0,(anonymous_0)
FNDA:0,(anonymous_1)
FNDA:0,(anonymous_2)
FNDA:0,(anonymous_3)
FNDA:0,(anonymous_4)
FNDA:0,(anonymous_5)
FNDA:0,(anonymous_6)
FNDA:0,(anonymous_7)
DA:19,0
DA:25,0
DA:31,0
DA:36,0
DA:40,0
DA:45,0
DA:51,0
DA:54,0
DA:64,0
DA:66,0
DA:68,0
DA:70,0
DA:89,0
DA:91,0
DA:103,0
DA:111,0
DA:112,0
DA:113,0
DA:125,0
DA:126,0
DA:128,0
DA:130,0
DA:132,0
DA:133,0
DA:134,0
DA:136,0
DA:137,0
DA:138,0
DA:142,0
DA:153,0
DA:156,0
DA:159,0
DA:162,0
DA:177,0
DA:178,0
DA:179,0
DA:180,0
DA:185,0
LF:38
LH:0
BRDA:112,0,0,0
BRDA:112,0,1,0
BRDA:124,1,0,0
BRDA:130,2,0,0
BRDA:130,2,1,0
BRDA:136,3,0,0
BRDA:136,3,1,0
BRDA:176,4,0,0
BRF:8
BRH:0
end_of_record
TN:
SF:models/core/CameraModel.js
FN:11,(anonymous_0)
FN:67,(anonymous_1)
FN:79,(anonymous_2)
FN:108,(anonymous_3)
FN:138,(anonymous_4)
FN:148,(anonymous_5)
FN:158,(anonymous_6)
FN:175,(anonymous_7)
FN:205,(anonymous_8)
FNF:9
FNH:0
FNDA:0,(anonymous_0)
FNDA:0,(anonymous_1)
FNDA:0,(anonymous_2)
FNDA:0,(anonymous_3)
FNDA:0,(anonymous_4)
FNDA:0,(anonymous_5)
FNDA:0,(anonymous_6)
FNDA:0,(anonymous_7)
FNDA:0,(anonymous_8)
DA:13,0
DA:15,0
DA:17,0
DA:22,0
DA:27,0
DA:32,0
DA:39,0
DA:45,0
DA:52,0
DA:57,0
DA:59,0
DA:70,0
DA:71,0
DA:83,0
DA:85,0
DA:88,0
DA:90,0
DA:91,0
DA:98,0
DA:110,0
DA:111,0
DA:115,0
DA:119,0
DA:120,0
DA:123,0
DA:124,0
DA:126,0
DA:127,0
DA:139,0
DA:149,0
DA:150,0
DA:159,0
DA:160,0
DA:177,0
DA:178,0
DA:179,0
DA:180,0
DA:186,0
DA:209,0
LF:39
LH:0
BRDA:11,0,0,0
BRDA:67,1,0,0
BRDA:83,2,0,0
BRDA:83,2,1,0
BRDA:83,3,0,0
BRDA:83,3,1,0
BRDA:88,4,0,0
BRDA:88,4,1,0
BRDA:110,5,0,0
BRDA:110,5,1,0
BRDA:110,6,0,0
BRDA:110,6,1,0
BRDA:110,6,2,0
BRDA:113,7,0,0
BRDA:113,7,1,0
BRDA:177,8,0,0
BRDA:177,8,1,0
BRDA:177,9,0,0
BRDA:177,9,1,0
BRDA:177,9,2,0
BRF:20
BRH:0
end_of_record
TN:
SF:models/core/UniverseModel.js
FN:14,(anonymous_0)
FN:62,(anonymous_1)
FN:87,(anonymous_2)
FN:102,(anonymous_3)
FN:110,(anonymous_4)
FN:124,(anonymous_5)
FN:151,(anonymous_6)
FN:176,(anonymous_7)
FNF:8
FNH:0
FNDA:0,(anonymous_0)
FNDA:0,(anonymous_1)
FNDA:0,(anonymous_2)
FNDA:0,(anonymous_3)
FNDA:0,(anonymous_4)
FNDA:0,(anonymous_5)
FNDA:0,(anonymous_6)
FNDA:0,(anonymous_7)
DA:19,0
DA:25,0
DA:31,0
DA:36,0
DA:40,0
DA:45,0
DA:51,0
DA:54,0
DA:64,0
DA:66,0
DA:68,0
DA:70,0
DA:89,0
DA:91,0
DA:103,0
DA:111,0
DA:112,0
DA:113,0
DA:125,0
DA:126,0
DA:128,0
DA:130,0
DA:132,0
DA:133,0
DA:134,0
DA:136,0
DA:137,0
DA:138,0
DA:142,0
DA:153,0
DA:156,0
DA:159,0
DA:162,0
DA:177,0
DA:178,0
DA:179,0
DA:180,0
DA:185,0
DA:190,0
LF:39
LH:0
BRDA:112,0,0,0
BRDA:112,0,1,0
BRDA:124,1,0,0
BRDA:130,2,0,0
BRDA:130,2,1,0
BRDA:136,3,0,0
BRDA:136,3,1,0
BRDA:176,4,0,0
BRF:8
BRH:0
end_of_record
TN:
SF:models/effects/ParticleModel.js
FN:2,(anonymous_0)
FN:20,(anonymous_1)
FN:41,(anonymous_2)
FN:54,(anonymous_3)
FNF:4
FNH:0
FNDA:0,(anonymous_0)
FNDA:0,(anonymous_1)
FNDA:0,(anonymous_2)
FNDA:0,(anonymous_3)
DA:4,0
DA:5,0
DA:6,0
DA:7,0
DA:10,0
DA:11,0
DA:12,0
DA:15,0
DA:16,0
DA:17,0
DA:22,0
DA:23,0
DA:26,0
DA:27,0
DA:30,0
DA:31,0
DA:34,0
DA:37,0
DA:42,0
DA:43,0
DA:44,0
DA:46,0
DA:47,0
DA:48,0
DA:50,0
DA:55,0
DA:56,0
DA:57,0
LF:28
LH:0
BRF:0
BRH:0
end_of_record
TN:
SF:models/effects/ParticleSystemModel.js
FN:15,(anonymous_0)
FN:113,(anonymous_1)
FN:126,(anonymous_2)
FN:142,(anonymous_3)
FN:161,(anonymous_4)
FN:172,(anonymous_5)
FN:181,(anonymous_6)
FNF:7
FNH:0
FNDA:0,(anonymous_0)
FNDA:0,(anonymous_1)
FNDA:0,(anonymous_2)
FNDA:0,(anonymous_3)
FNDA:0,(anonymous_4)
FNDA:0,(anonymous_5)
FNDA:0,(anonymous_6)
DA:22,0
DA:29,0
DA:100,0
DA:114,0
DA:115,0
DA:116,0
DA:127,0
DA:128,0
DA:143,0
DA:146,0
DA:148,0
DA:149,0
DA:151,0
DA:162,0
DA:163,0
DA:173,0
DA:182,0
DA:183,0
DA:184,0
DA:186,0
DA:189,0
DA:190,0
DA:192,0
DA:193,0
DA:196,0
DA:197,0
LF:26
LH:0
BRDA:114,0,0,0
BRDA:114,0,1,0
BRDA:127,1,0,0
BRDA:127,1,1,0
BRDA:142,2,0,0
BRDA:143,3,0,0
BRDA:143,3,1,0
BRDA:146,4,0,0
BRDA:146,4,1,0
BRDA:146,4,2,0
BRDA:146,4,3,0
BRDA:148,5,0,0
BRDA:148,5,1,0
BRDA:162,6,0,0
BRDA:162,6,1,0
BRDA:189,7,0,0
BRDA:189,7,1,0
BRDA:192,8,0,0
BRDA:192,8,1,0
BRDA:196,9,0,0
BRDA:196,9,1,0
BRF:21
BRH:0
end_of_record
TN:
SF:models/entities/CelestialBodyModel.js
FN:21,(anonymous_0)
FN:93,(anonymous_1)
FN:101,(anonymous_2)
FN:110,(anonymous_3)
FN:120,(anonymous_4)
FN:132,(anonymous_5)
FN:141,(anonymous_6)
FN:150,(anonymous_7)
FN:161,(anonymous_8)
FN:180,(anonymous_9)
FN:205,(anonymous_10)
FN:220,(anonymous_11)
FNF:12
FNH:0
FNDA:0,(anonymous_0)
FNDA:0,(anonymous_1)
FNDA:0,(anonymous_2)
FNDA:0,(anonymous_3)
FNDA:0,(anonymous_4)
FNDA:0,(anonymous_5)
FNDA:0,(anonymous_6)
FNDA:0,(anonymous_7)
FNDA:0,(anonymous_8)
FNDA:0,(anonymous_9)
FNDA:0,(anonymous_10)
FNDA:0,(anonymous_11)
DA:23,0
DA:24,0
DA:25,0
DA:30,0
DA:32,0
DA:36,0
DA:38,0
DA:40,0
DA:44,0
DA:50,0
DA:54,0
DA:56,0
DA:60,0
DA:67,0
DA:75,0
DA:77,0
DA:79,0
DA:81,0
DA:83,0
DA:94,0
DA:102,0
DA:103,0
DA:112,0
DA:121,0
DA:122,0
DA:123,0
DA:133,0
DA:134,0
DA:143,0
DA:151,0
DA:153,0
DA:162,0
DA:181,0
DA:206,0
DA:221,0
DA:226,0
DA:230,0
DA:232,0
DA:235,0
DA:236,0
DA:238,0
DA:245,0
DA:247,0
DA:248,0
DA:252,0
DA:260,0
LF:46
LH:0
BRDA:21,0,0,0
BRDA:23,1,0,0
BRDA:23,1,1,0
BRDA:30,2,0,0
BRDA:30,2,1,0
BRDA:32,3,0,0
BRDA:32,3,1,0
BRDA:36,4,0,0
BRDA:36,4,1,0
BRDA:38,5,0,0
BRDA:38,5,1,0
BRDA:44,6,0,0
BRDA:44,6,1,0
BRDA:54,7,0,0
BRDA:54,7,1,0
BRDA:75,8,0,0
BRDA:75,8,1,0
BRDA:77,9,0,0
BRDA:77,9,1,0
BRDA:79,10,0,0
BRDA:79,10,1,0
BRDA:83,11,0,0
BRDA:83,11,1,0
BRDA:133,12,0,0
BRDA:133,12,1,0
BRDA:193,13,0,0
BRDA:193,13,1,0
BRDA:221,14,0,0
BRDA:221,14,1,0
BRDA:253,15,0,0
BRDA:253,15,1,0
BRDA:254,16,0,0
BRDA:254,16,1,0
BRF:33
BRH:0
end_of_record
TN:
SF:models/entities/RocketModel.js
FN:14,(anonymous_0)
FN:137,(anonymous_1)
FN:170,(anonymous_2)
FN:180,(anonymous_3)
FN:189,(anonymous_4)
FN:197,(anonymous_5)
FN:208,(anonymous_6)
FN:227,(anonymous_7)
FN:245,(anonymous_8)
FN:279,(anonymous_9)
FN:341,(anonymous_10)
FN:417,(anonymous_11)
FNF:12
FNH:0
FNDA:0,(anonymous_0)
FNDA:0,(anonymous_1)
FNDA:0,(anonymous_2)
FNDA:0,(anonymous_3)
FNDA:0,(anonymous_4)
FNDA:0,(anonymous_5)
FNDA:0,(anonymous_6)
FNDA:0,(anonymous_7)
FNDA:0,(anonymous_8)
FNDA:0,(anonymous_9)
FNDA:0,(anonymous_10)
FNDA:0,(anonymous_11)
DA:16,0
DA:20,0
DA:22,0
DA:24,0
DA:26,0
DA:28,0
DA:32,0
DA:34,0
DA:36,0
DA:38,0
DA:40,0
DA:50,0
DA:91,0
DA:93,0
DA:95,0
DA:97,0
DA:99,0
DA:123,0
DA:130,0
DA:139,0
DA:140,0
DA:141,0
DA:142,0
DA:143,0
DA:146,0
DA:147,0
DA:148,0
DA:149,0
DA:150,0
DA:154,0
DA:155,0
DA:158,0
DA:159,0
DA:171,0
DA:172,0
DA:181,0
DA:182,0
DA:190,0
DA:198,0
DA:209,0
DA:212,0
DA:213,0
DA:214,0
DA:218,0
DA:219,0
DA:228,0
DA:229,0
DA:246,0
DA:248,0
DA:249,0
DA:250,0
DA:252,0
DA:253,0
DA:254,0
DA:255,0
DA:256,0
DA:257,0
DA:260,0
DA:261,0
DA:264,0
DA:268,0
DA:280,0
DA:286,0
DA:291,0
DA:292,0
DA:293,0
DA:294,0
DA:296,0
DA:297,0
DA:298,0
DA:302,0
DA:305,0
DA:306,0
DA:313,0
DA:327,0
DA:328,0
DA:343,0
DA:344,0
DA:348,0
DA:366,0
DA:368,0
DA:371,0
DA:372,0
DA:376,0
DA:390,0
DA:391,0
DA:396,0
DA:398,0
DA:399,0
DA:407,0
DA:408,0
DA:418,0
DA:420,0
DA:421,0
DA:422,0
DA:425,0
DA:429,0
DA:430,0
DA:431,0
DA:432,0
DA:434,0
DA:435,0
DA:439,0
DA:440,0
DA:444,0
DA:445,0
DA:446,0
DA:447,0
DA:461,0
LF:109
LH:0
BRDA:209,0,0,0
BRDA:209,0,1,0
BRDA:212,1,0,0
BRDA:212,1,1,0
BRDA:212,2,0,0
BRDA:212,2,1,0
BRDA:246,3,0,0
BRDA:246,3,1,0
BRDA:252,4,0,0
BRDA:252,4,1,0
BRDA:254,5,0,0
BRDA:254,5,1,0
BRDA:280,6,0,0
BRDA:280,6,1,0
BRDA:286,7,0,0
BRDA:286,7,1,0
BRDA:291,8,0,0
BRDA:291,8,1,0
BRDA:296,9,0,0
BRDA:296,9,1,0
BRDA:297,10,0,0
BRDA:297,10,1,0
BRDA:305,11,0,0
BRDA:305,11,1,0
BRDA:327,12,0,0
BRDA:327,12,1,0
BRDA:327,13,0,0
BRDA:327,13,1,0
BRDA:343,14,0,0
BRDA:343,14,1,0
BRDA:343,15,0,0
BRDA:343,15,1,0
BRDA:343,15,2,0
BRDA:343,15,3,0
BRDA:366,16,0,0
BRDA:366,16,1,0
BRDA:366,17,0,0
BRDA:366,17,1,0
BRDA:376,18,0,0
BRDA:376,18,1,0
BRDA:396,19,0,0
BRDA:396,19,1,0
BRDA:407,20,0,0
BRDA:407,20,1,0
BRDA:418,21,0,0
BRDA:418,21,1,0
BRDA:421,22,0,0
BRDA:421,22,1,0
BRDA:432,23,0,0
BRDA:432,23,1,0
BRDA:434,24,0,0
BRDA:434,24,1,0
BRDA:439,25,0,0
BRDA:439,25,1,0
BRDA:444,26,0,0
BRDA:444,26,1,0
BRDA:446,27,0,0
BRDA:446,27,1,0
BRF:58
BRH:0
end_of_record
TN:
SF:physics/PhysicsController.js
FN:7,(anonymous_0)
FN:46,(anonymous_1)
FN:84,(anonymous_2)
FN:97,(anonymous_3)
FN:130,(anonymous_4)
FN:132,(anonymous_5)
FN:136,(anonymous_6)
FN:140,(anonymous_7)
FN:145,(anonymous_8)
FN:149,(anonymous_9)
FN:154,(anonymous_10)
FN:177,(anonymous_11)
FN:200,(anonymous_12)
FN:213,(anonymous_13)
FN:231,(anonymous_14)
FN:244,(anonymous_15)
FN:312,(anonymous_16)
FN:320,(anonymous_17)
FN:328,(anonymous_18)
FN:352,(anonymous_19)
FN:373,(anonymous_20)
[...]
BRDA:364,53,0,0
BRDA:364,53,1,0
BRDA:365,54,0,0
BRDA:365,54,1,0
BRDA:366,55,0,0
BRDA:366,55,1,0
BRDA:372,56,0,0
BRDA:372,56,1,0
BRDA:374,57,0,0
BRDA:374,57,1,0
BRDA:382,58,0,0
BRDA:382,58,1,0
BRDA:389,59,0,0
BRDA:389,59,1,0
BRDA:389,60,0,0
BRDA:389,60,1,0
BRDA:389,60,2,0
BRDA:389,60,3,0
BRDA:394,61,0,0
BRDA:394,61,1,0
BRDA:394,62,0,0
BRDA:394,62,1,0
BRDA:394,62,2,0
BRDA:394,62,3,0
BRDA:408,63,0,0
BRDA:408,63,1,0
BRDA:418,64,0,0
BRDA:418,64,1,0
BRDA:420,65,0,0
BRDA:420,65,1,0
BRDA:420,66,0,0
BRDA:420,66,1,0
BRDA:420,66,2,0
BRDA:420,66,3,0
BRDA:420,66,4,0
BRDA:425,67,0,0
BRDA:425,67,1,0
BRF:149
BRH:0
end_of_record
TN:
SF:rendering/views/CelestialBodyView.js
FN:14,(anonymous_0)
FN:47,(anonymous_1)
FN:93,(anonymous_2)
FN:118,(anonymous_3)
FN:148,(anonymous_4)
FN:170,(anonymous_5)
FNF:6
FNH:0
FNDA:0,(anonymous_0)
FNDA:0,(anonymous_1)
FNDA:0,(anonymous_2)
FNDA:0,(anonymous_3)
FNDA:0,(anonymous_4)
FNDA:0,(anonymous_5)
DA:15,0
DA:16,0
DA:17,0
DA:20,0
DA:23,0
DA:24,0
DA:28,0
DA:31,0
DA:32,0
DA:36,0
DA:38,0
DA:48,0
DA:49,0
DA:52,0
DA:54,0
DA:56,0
DA:58,0
DA:59,0
DA:60,0
DA:64,0
DA:65,0
DA:66,0
DA:67,0
DA:68,0
DA:69,0
DA:70,0
DA:71,0
DA:72,0
DA:73,0
DA:76,0
DA:77,0
DA:78,0
DA:79,0
DA:82,0
DA:83,0
DA:84,0
DA:94,0
DA:95,0
DA:96,0
DA:99,0
DA:100,0
DA:103,0
DA:104,0
DA:107,0
DA:108,0
DA:109,0
DA:119,0
DA:121,0
DA:122,0
DA:125,0
DA:126,0
DA:127,0
DA:128,0
DA:129,0
DA:132,0
DA:133,0
DA:134,0
DA:135,0
DA:136,0
DA:138,0
DA:150,0
DA:151,0
DA:154,0
DA:155,0
DA:157,0
DA:158,0
DA:159,0
DA:160,0
DA:161,0
DA:172,0
DA:173,0
DA:174,0
DA:177,0
DA:178,0
DA:179,0
DA:182,0
LF:76
LH:0
BRDA:15,0,0,0
BRDA:15,0,1,0
BRDA:15,1,0,0
BRDA:15,1,1,0
BRDA:23,2,0,0
BRDA:23,2,1,0
BRDA:23,3,0,0
BRDA:23,3,1,0
BRDA:31,4,0,0
BRDA:31,4,1,0
BRDA:52,5,0,0
BRDA:52,5,1,0
BRDA:78,6,0,0
BRDA:78,6,1,0
BRDA:82,7,0,0
BRDA:82,7,1,0
BRDA:103,8,0,0
BRDA:103,8,1,0
BRDA:107,9,0,0
BRDA:107,9,1,0
BRDA:150,10,0,0
BRDA:150,10,1,0
BRDA:150,11,0,0
BRDA:150,11,1,0
BRF:24
BRH:0
end_of_record
TN:
SF:rendering/views/ParticleView.js
FN:10,(anonymous_0)
FN:26,(anonymous_1)
FN:109,(anonymous_2)
FN:143,(anonymous_3)
FN:170,(anonymous_4)
FN:197,(anonymous_5)
FNF:6
FNH:0
FNDA:0,(anonymous_0)
FNDA:0,(anonymous_1)
FNDA:0,(anonymous_2)
FNDA:0,(anonymous_3)
FNDA:0,(anonymous_4)
FNDA:0,(anonymous_5)
DA:13,0
DA:27,0
DA:32,0
DA:33,0
DA:34,0
DA:39,0
DA:40,0
DA:41,0
DA:43,0
DA:49,0
DA:53,0
DA:55,0
DA:56,0
DA:57,0
DA:58,0
DA:59,0
DA:60,0
DA:61,0
DA:62,0
DA:63,0
DA:65,0
DA:66,0
DA:67,0
DA:73,0
DA:75,0
DA:76,0
DA:77,0
DA:78,0
DA:79,0
DA:80,0
DA:81,0
DA:83,0
DA:84,0
DA:85,0
DA:86,0
DA:99,0
DA:110,0
DA:112,0
DA:116,0
DA:119,0
DA:123,0
DA:125,0
DA:131,0
DA:133,0
DA:145,0
DA:148,0
DA:149,0
DA:150,0
DA:151,0
DA:157,0
DA:159,0
DA:173,0
DA:177,0
DA:184,0
DA:185,0
DA:188,0
DA:189,0
DA:190,0
DA:191,0
DA:193,0
DA:198,0
DA:199,0
LF:62
LH:0
BRDA:39,0,0,0
BRDA:39,0,1,0
BRDA:39,1,0,0
BRDA:39,1,1,0
BRDA:53,2,0,0
BRDA:53,2,1,0
BRDA:53,3,0,0
BRDA:53,3,1,0
BRDA:58,4,0,0
BRDA:58,4,1,0
BRDA:59,5,0,0
BRDA:59,5,1,0
BRDA:73,6,0,0
BRDA:73,6,1,0
BRDA:73,7,0,0
BRDA:73,7,1,0
BRDA:110,8,0,0
BRDA:110,8,1,0
BRDA:110,9,0,0
BRDA:110,9,1,0
BRDA:116,10,0,0
BRDA:116,10,1,0
BRDA:157,11,0,0
BRDA:157,11,1,0
BRF:24
BRH:0
end_of_record
TN:
SF:rendering/views/RocketView.js
FN:13,(anonymous_0)
FN:42,(anonymous_1)
FN:124,(anonymous_2)
FNF:3
FNH:0
FNDA:0,(anonymous_0)
FNDA:0,(anonymous_1)
FNDA:0,(anonymous_2)
DA:15,0
DA:16,0
DA:19,0
DA:20,0
DA:25,0
DA:26,0
DA:44,0
DA:46,0
DA:49,0
DA:53,0
DA:55,0
DA:57,0
DA:60,0
DA:63,0
DA:66,0
DA:69,0
DA:71,0
DA:73,0
DA:74,0
DA:76,0
DA:77,0
DA:78,0
DA:82,0
DA:83,0
DA:84,0
DA:85,0
DA:87,0
DA:88,0
DA:93,0
DA:101,0
DA:103,0
DA:107,0
DA:113,0
DA:126,0
DA:127,0
DA:130,0
DA:131,0
DA:132,0
DA:133,0
DA:134,0
DA:135,0
DA:136,0
DA:139,0
DA:140,0
DA:141,0
DA:142,0
DA:145,0
DA:146,0
DA:155,0
LF:49
LH:0
BRDA:44,0,0,0
BRDA:44,0,1,0
BRDA:44,1,0,0
BRDA:44,1,1,0
BRDA:66,2,0,0
BRDA:66,2,1,0
BRDA:69,3,0,0
BRDA:69,3,1,0
BRDA:69,4,0,0
BRDA:69,4,1,0
BRDA:82,5,0,0
BRDA:82,5,1,0
BRDA:82,6,0,0
BRDA:82,6,1,0
BRDA:83,7,0,0
BRDA:83,7,1,0
BRF:16
BRH:0
end_of_record
TN:
SF:rendering/views/TraceView.js
FN:10,(anonymous_0)
FN:38,(anonymous_1)
FN:56,(anonymous_2)
FN:121,(anonymous_3)
FN:132,(anonymous_4)
FNF:5
FNH:0
FNDA:0,(anonymous_0)
FNDA:0,(anonymous_1)
FNDA:0,(anonymous_2)
FNDA:0,(anonymous_3)
FNDA:0,(anonymous_4)
DA:16,0
DA:23,0
DA:28,0
DA:39,0
DA:42,0
DA:45,0
DA:46,0
DA:57,0
DA:59,0
DA:61,0
DA:62,0
DA:64,0
DA:67,0
DA:68,0
DA:71,0
DA:73,0
DA:74,0
DA:75,0
DA:77,0
DA:81,0
DA:83,0
DA:84,0
DA:85,0
DA:89,0
DA:92,0
DA:93,0
DA:94,0
DA:95,0
DA:98,0
DA:100,0
DA:101,0
DA:102,0
DA:105,0
DA:110,0
DA:111,0
DA:114,0
DA:122,0
DA:123,0
DA:133,0
DA:135,0
DA:139,0
LF:41
LH:0
BRDA:39,0,0,0
BRDA:39,0,1,0
BRDA:45,1,0,0
BRDA:45,1,1,0
BRDA:57,2,0,0
BRDA:57,2,1,0
BRDA:57,3,0,0
BRDA:57,3,1,0
BRDA:71,4,0,0
BRDA:71,4,1,0
BRDA:73,5,0,0
BRDA:73,5,1,0
BRDA:81,6,0,0
BRDA:81,6,1,0
BRDA:81,7,0,0
BRDA:81,7,1,0
BRDA:81,7,2,0
BRDA:81,7,3,0
BRDA:92,8,0,0
BRDA:92,8,1,0
BRDA:92,9,0,0
BRDA:92,9,1,0
BRDA:98,10,0,0
BRDA:98,10,1,0
BRDA:110,11,0,0
BRDA:110,11,1,0
BRDA:132,12,0,0
BRDA:133,13,0,0
BRDA:133,13,1,0
BRF:29
BRH:0
end_of_record
TN:
SF:rendering/views/UIView.js
FN:24,(anonymous_0)
FN:66,(anonymous_1)
FN:74,(anonymous_2)
FN:84,(anonymous_3)
FN:94,(anonymous_4)
FN:101,(anonymous_5)
FN:108,(anonymous_6)
FN:115,(anonymous_7)
FN:125,(anonymous_8)
FN:133,(anonymous_9)
FN:154,(anonymous_10)
FN:221,(anonymous_11)
FN:235,(anonymous_12)
FN:248,(anonymous_13)
FN:266,(anonymous_14)
FN:293,(anonymous_15)
FN:351,(anonymous_16)
FN:371,(anonymous_17)
FN:379,(anonymous_18)
FN:417,(anonymous_19)
FN:455,(anonymous_20)
FN:458,(anonymous_21)
FN:489,(anonymous_22)
FN:548,(anonymous_23)
FN:558,(anonymous_24)
FN:567,(anonymous_25)
FN:568,(anonymous_26)
FN:596,(anonymous_27)
FN:621,(anonymous_28)
FN:653,(anonymous_29)
FN:687,(anonymous_30)
FN:698,(anonymous_31)
FN:739,(anonymous_32)
FN:769,(anonymous_33)
FNF:34
FNH:0
FNDA:0,(anonymous_0)
FNDA:0,(anonymous_1)
FNDA:0,(anonymous_2)
FNDA:0,(anonymous_3)
FNDA:0,(anonymous_4)
FNDA:0,(anonymous_5)
FNDA:0,(anonymous_6)
FNDA:0,(anonymous_7)
FNDA:0,(anonymous_8)
FNDA:0,(anonymous_9)
FNDA:0,(anonymous_10)
FNDA:0,(anonymous_11)
FNDA:0,(anonymous_12)
FNDA:0,(anonymous_13)
FNDA:0,(anonymous_14)
FNDA:0,(anonymous_15)
FNDA:0,(anonymous_16)
FNDA:0,(anonymous_17)
FNDA:0,(anonymous_18)
FNDA:0,(anonymous_19)
FNDA:0,(anonymous_20)
FNDA:0,(anonymous_21)
FNDA:0,(anonymous_22)
FNDA:0,(anonymous_23)
FNDA:0,(anonymous_24)
FNDA:0,(anonymous_25)
FNDA:0,(anonymous_26)
FNDA:0,(anonymous_27)
FNDA:0,(anonymous_28)
FNDA:0,(anonymous_29)
FNDA:0,(anonymous_30)
FNDA:0,(anonymous_31)
FNDA:0,(anonymous_32)
FNDA:0,(anonymous_33)
DA:25,0
DA:28,0
DA:29,0
DA:30,0
DA:47,0
DA:48,0
DA:49,0
DA:52,0
DA:55,0
DA:63,0
DA:67,0
DA:68,0
DA:69,0
DA:73,0
DA:74,0
DA:75,0
DA:76,0
DA:77,0
DA:78,0
DA:79,0
DA:83,0
DA:84,0
DA:85,0
DA:86,0
DA:87,0
DA:88,0
DA:89,0
DA:93,0
DA:94,0
DA:95,0
DA:96,0
DA:100,0
DA:101,0
DA:102,0
DA:103,0
DA:107,0
DA:108,0
DA:109,0
DA:110,0
DA:114,0
DA:115,0
DA:116,0
DA:117,0
DA:118,0
DA:119,0
DA:120,0
DA:124,0
DA:125,0
DA:126,0
DA:127,0
DA:132,0
DA:133,0
DA:134,0
DA:135,0
DA:156,0
DA:157,0
DA:161,0
DA:162,0
DA:163,0
DA:164,0
DA:166,0
DA:172,0
DA:173,0
DA:174,0
DA:177,0
DA:178,0
DA:179,0
DA:182,0
DA:183,0
DA:184,0
DA:189,0
DA:190,0
DA:198,0
DA:199,0
DA:205,0
DA:206,0
DA:210,0
DA:211,0
DA:215,0
DA:222,0
DA:223,0
DA:224,0
DA:226,0
DA:227,0
DA:228,0
DA:229,0
DA:230,0
DA:231,0
DA:236,0
DA:237,0
DA:238,0
DA:239,0
DA:240,0
DA:241,0
DA:242,0
DA:243,0
DA:244,0
DA:249,0
DA:250,0
DA:251,0
DA:252,0
DA:253,0
DA:254,0
DA:255,0
DA:256,0
DA:258,0
DA:259,0
DA:260,0
DA:262,0
DA:267,0
DA:268,0
DA:269,0
DA:270,0
DA:271,0
DA:272,0
DA:273,0
DA:274,0
DA:277,0
DA:278,0
DA:279,0
DA:280,0
DA:281,0
DA:282,0
DA:283,0
DA:286,0
DA:287,0
DA:288,0
DA:289,0
DA:294,0
DA:295,0
DA:296,0
DA:297,0
DA:298,0
DA:300,0
DA:301,0
DA:302,0
DA:303,0
DA:304,0
DA:307,0
DA:308,0
DA:309,0
DA:312,0
DA:313,0
DA:314,0
DA:317,0
DA:318,0
DA:319,0
DA:320,0
DA:323,0
DA:324,0
DA:325,0
DA:326,0
DA:327,0
DA:347,0
DA:352,0
DA:353,0
DA:356,0
DA:357,0
DA:360,0
DA:361,0
DA:362,0
DA:363,0
DA:365,0
DA:367,0
DA:372,0
DA:373,0
DA:374,0
DA:375,0
DA:381,0
DA:382,0
DA:385,0
DA:386,0
DA:387,0
DA:389,0
DA:391,0
DA:392,0
DA:396,0
DA:397,0
DA:401,0
DA:403,0
DA:404,0
DA:405,0
DA:406,0
DA:408,0
DA:412,0
DA:413,0
DA:418,0
DA:420,0
DA:421,0
DA:422,0
DA:424,0
DA:425,0
DA:427,0
DA:428,0
DA:429,0
DA:431,0
DA:432,0
DA:433,0
DA:435,0
DA:436,0
DA:438,0
DA:439,0
DA:440,0
DA:442,0
DA:443,0
DA:444,0
DA:446,0
DA:447,0
DA:448,0
DA:451,0
DA:456,0
DA:458,0
DA:459,0
DA:461,0
DA:463,0
DA:464,0
DA:465,0
DA:466,0
DA:467,0
DA:469,0
DA:470,0
DA:471,0
DA:472,0
DA:473,0
DA:474,0
DA:475,0
DA:477,0
DA:478,0
DA:479,0
DA:480,0
DA:481,0
DA:482,0
DA:485,0
DA:490,0
DA:491,0
DA:494,0
DA:495,0
DA:496,0
DA:497,0
DA:498,0
DA:499,0
DA:500,0
DA:501,0
DA:504,0
DA:506,0
DA:507,0
DA:508,0
DA:509,0
DA:512,0
DA:513,0
DA:514,0
DA:515,0
DA:517,0
DA:518,0
DA:519,0
DA:523,0
DA:524,0
DA:525,0
DA:526,0
DA:528,0
DA:529,0
DA:530,0
DA:544,0
DA:549,0
DA:550,0
DA:551,0
DA:552,0
DA:553,0
DA:554,0
DA:559,0
DA:560,0
DA:561,0
DA:562,0
DA:563,0
DA:564,0
DA:565,0
DA:567,0
DA:568,0
DA:569,0
DA:571,0
DA:572,0
DA:573,0
DA:574,0
DA:575,0
DA:576,0
DA:577,0
DA:578,0
DA:581,0
DA:582,0
DA:583,0
DA:584,0
DA:585,0
DA:586,0
DA:587,0
DA:588,0
DA:589,0
DA:590,0
DA:591,0
DA:592,0
DA:593,0
DA:596,0
DA:597,0
DA:598,0
DA:600,0
DA:601,0
DA:602,0
DA:603,0
DA:605,0
DA:606,0
DA:607,0
DA:608,0
DA:609,0
DA:612,0
DA:613,0
DA:614,0
DA:615,0
DA:617,0
DA:622,0
DA:623,0
DA:625,0
DA:626,0
DA:627,0
DA:628,0
DA:629,0
DA:630,0
DA:631,0
DA:632,0
DA:633,0
DA:634,0
DA:637,0
DA:638,0
DA:639,0
DA:640,0
DA:641,0
DA:643,0
DA:645,0
DA:647,0
DA:648,0
DA:649,0
DA:650,0
DA:651,0
DA:653,0
DA:654,0
DA:655,0
DA:656,0
DA:657,0
DA:658,0
DA:660,0
DA:661,0
DA:662,0
DA:663,0
DA:664,0
DA:665,0
DA:667,0
DA:668,0
DA:669,0
DA:672,0
DA:673,0
DA:677,0
DA:678,0
DA:679,0
DA:680,0
DA:683,0
DA:688,0
DA:689,0
DA:690,0
DA:691,0
DA:693,0
DA:699,0
DA:701,0
DA:702,0
DA:703,0
DA:704,0
DA:707,0
DA:709,0
DA:710,0
DA:713,0
DA:714,0
DA:715,0
DA:716,0
DA:719,0
DA:720,0
DA:721,0
DA:722,0
DA:730,0
DA:732,0
DA:740,0
DA:742,0
DA:743,0
DA:745,0
DA:746,0
DA:747,0
DA:748,0
DA:750,0
DA:751,0
DA:752,0
DA:753,0
DA:755,0
DA:756,0
DA:759,0
DA:761,0
DA:762,0
DA:770,0
DA:771,0
LF:404
LH:0
BRDA:67,0,0,0
BRDA:67,0,1,0
BRDA:67,1,0,0
BRDA:67,1,1,0
BRDA:67,1,2,0
BRDA:73,2,0,0
BRDA:73,2,1,0
BRDA:83,3,0,0
BRDA:83,3,1,0
BRDA:93,4,0,0
BRDA:93,4,1,0
BRDA:100,5,0,0
BRDA:100,5,1,0
BRDA:107,6,0,0
BRDA:107,6,1,0
BRDA:114,7,0,0
BRDA:114,7,1,0
BRDA:124,8,0,0
BRDA:124,8,1,0
BRDA:132,9,0,0
BRDA:132,9,1,0
BRDA:132,10,0,0
BRDA:132,10,1,0
BRDA:132,10,2,0
BRDA:134,11,0,0
BRDA:134,11,1,0
BRDA:135,12,0,0
BRDA:135,12,1,0
BRDA:154,13,0,0
BRDA:154,14,0,0
BRDA:154,15,0,0
BRDA:154,16,0,0
BRDA:156,17,0,0
BRDA:156,17,1,0
BRDA:156,18,0,0
BRDA:156,18,1,0
BRDA:161,19,0,0
BRDA:161,19,1,0
BRDA:163,20,0,0
BRDA:163,20,1,0
BRDA:172,21,0,0
BRDA:172,21,1,0
BRDA:177,22,0,0
BRDA:177,22,1,0
BRDA:182,23,0,0
BRDA:182,23,1,0
BRDA:189,24,0,0
BRDA:189,24,1,0
BRDA:198,25,0,0
BRDA:198,25,1,0
BRDA:205,26,0,0
BRDA:205,26,1,0
BRDA:210,27,0,0
BRDA:210,27,1,0
BRDA:210,28,0,0
BRDA:210,28,1,0
BRDA:278,29,0,0
BRDA:278,29,1,0
BRDA:278,30,0,0
BRDA:278,30,1,0
BRDA:279,31,0,0
BRDA:279,31,1,0
BRDA:325,32,0,0
BRDA:325,32,1,0
BRDA:326,33,0,0
BRDA:326,33,1,0
BRDA:360,34,0,0
BRDA:360,34,1,0
BRDA:362,35,0,0
BRDA:362,35,1,0
BRDA:372,36,0,0
BRDA:372,36,1,0
BRDA:372,37,0,0
BRDA:372,37,1,0
BRDA:391,38,0,0
BRDA:391,38,1,0
BRDA:403,39,0,0
BRDA:403,39,1,0
BRDA:405,40,0,0
BRDA:405,40,1,0
BRDA:418,41,0,0
BRDA:418,41,1,0
BRDA:424,42,0,0
BRDA:424,42,1,0
BRDA:425,43,0,0
BRDA:425,43,1,0
BRDA:435,44,0,0
BRDA:435,44,1,0
BRDA:436,45,0,0
BRDA:436,45,1,0
BRDA:456,46,0,0
BRDA:456,46,1,0
BRDA:456,47,0,0
BRDA:456,47,1,0
BRDA:459,48,0,0
BRDA:459,48,1,0
BRDA:459,49,0,0
BRDA:459,49,1,0
BRDA:470,50,0,0
BRDA:470,50,1,0
BRDA:477,51,0,0
BRDA:477,51,1,0
BRDA:490,52,0,0
BRDA:490,52,1,0
BRDA:490,53,0,0
BRDA:490,53,1,0
BRDA:490,53,2,0
BRDA:512,54,0,0
BRDA:512,54,1,0
BRDA:512,54,2,0
BRDA:512,54,3,0
BRDA:513,55,0,0
BRDA:513,55,1,0
BRDA:523,56,0,0
BRDA:523,56,1,0
BRDA:523,56,2,0
BRDA:524,57,0,0
BRDA:524,57,1,0
BRDA:567,58,0,0
BRDA:567,58,1,0
BRDA:568,59,0,0
BRDA:568,59,1,0
BRDA:569,60,0,0
BRDA:569,60,1,0
BRDA:569,60,2,0
BRDA:571,61,0,0
BRDA:571,61,1,0
BRDA:571,62,0,0
BRDA:571,62,1,0
BRDA:576,63,0,0
BRDA:576,63,1,0
BRDA:605,64,0,0
BRDA:605,64,1,0
BRDA:623,65,0,0
BRDA:623,65,1,0
BRDA:623,66,0,0
BRDA:623,66,1,0
BRDA:623,66,2,0
BRDA:655,67,0,0
BRDA:655,67,1,0
BRDA:660,68,0,0
BRDA:660,68,1,0
BRDA:662,69,0,0
BRDA:662,69,1,0
BRDA:662,70,0,0
BRDA:662,70,1,0
BRDA:688,71,0,0
BRDA:688,71,1,0
BRDA:688,71,2,0
BRDA:688,71,3,0
BRDA:699,72,0,0
BRDA:699,72,1,0
BRDA:702,73,0,0
BRDA:702,73,1,0
BRDA:740,74,0,0
BRDA:740,74,1,0
BRDA:755,75,0,0
BRDA:755,75,1,0
BRDA:771,76,0,0
BRDA:771,76,1,0
BRF:160
BRH:0
end_of_record
TN:
SF:rendering/views/UniverseView.js
FN:18,(anonymous_0)
FN:31,(anonymous_1)
FN:39,(anonymous_2)
FN:50,(anonymous_3)
FN:64,(anonymous_4)
FN:83,(anonymous_5)
FN:105,(anonymous_6)
FN:120,(anonymous_7)
FN:131,(anonymous_8)
FN:149,(anonymous_9)
FN:175,(anonymous_10)
FN:213,(anonymous_11)
FN:238,(anonymous_12)
FN:249,(anonymous_13)
FN:257,(anonymous_14)
FN:276,(anonymous_15)
FNF:16
FNH:0
FNDA:0,(anonymous_0)
FNDA:0,(anonymous_1)
FNDA:0,(anonymous_2)
FNDA:0,(anonymous_3)
FNDA:0,(anonymous_4)
FNDA:0,(anonymous_5)
FNDA:0,(anonymous_6)
FNDA:0,(anonymous_7)
FNDA:0,(anonymous_8)
FNDA:0,(anonymous_9)
FNDA:0,(anonymous_10)
FNDA:0,(anonymous_11)
FNDA:0,(anonymous_12)
FNDA:0,(anonymous_13)
FNDA:0,(anonymous_14)
FNDA:0,(anonymous_15)
DA:22,0
DA:24,0
DA:32,0
DA:40,0
DA:51,0
DA:66,0
DA:67,0
DA:84,0
DA:85,0
DA:87,0
DA:89,0
DA:107,0
DA:108,0
DA:121,0
DA:122,0
DA:123,0
DA:133,0
DA:135,0
DA:136,0
DA:138,0
DA:140,0
DA:150,0
DA:152,0
DA:154,0
DA:156,0
DA:158,0
DA:160,0
DA:162,0
DA:176,0
DA:178,0
DA:181,0
DA:183,0
DA:185,0
DA:188,0
DA:190,0
DA:193,0
DA:194,0
DA:198,0
DA:202,0
DA:214,0
DA:215,0
DA:218,0
DA:220,0
DA:221,0
DA:222,0
DA:225,0
DA:226,0
DA:239,0
DA:242,0
DA:243,0
DA:250,0
DA:251,0
DA:258,0
DA:259,0
DA:278,0
DA:281,0
DA:284,0
DA:288,0
DA:291,0
DA:294,0
DA:298,0
DA:306,0
LF:62
LH:0
BRDA:66,0,0,0
BRDA:66,0,1,0
BRDA:90,1,0,0
BRDA:90,1,1,0
BRDA:90,1,2,0
BRDA:90,1,3,0
BRDA:108,2,0,0
BRDA:108,2,1,0
BRDA:108,2,2,0
BRDA:108,2,3,0
BRDA:150,3,0,0
BRDA:150,3,1,0
BRDA:176,4,0,0
BRDA:176,4,1,0
BRDA:176,5,0,0
BRDA:176,5,1,0
BRDA:188,6,0,0
BRDA:188,6,1,0
BRDA:193,7,0,0
BRDA:193,7,1,0
BRDA:214,8,0,0
BRDA:214,8,1,0
BRDA:214,9,0,0
BRDA:214,9,1,0
BRDA:214,9,2,0
BRDA:220,10,0,0
BRDA:220,10,1,0
BRDA:220,11,0,0
BRDA:220,11,1,0
BRDA:220,11,2,0
BRDA:225,12,0,0
BRDA:225,12,1,0
BRDA:239,13,0,0
BRDA:239,13,1,0
BRDA:250,14,0,0
BRDA:250,14,1,0
BRDA:258,15,0,0
BRDA:258,15,1,0
BRF:38
BRH:0
end_of_record
TN:
SF:rendering/views/VectorsView.js
FN:13,(anonymous_0)
FN:30,(anonymous_1)
FN:102,(anonymous_2)
FN:233,(anonymous_3)
FN:293,(anonymous_4)
FN:388,(anonymous_5)
FN:453,(anonymous_6)
FN:478,(anonymous_7)
FN:535,(anonymous_8)
FN:536,(anonymous_9)
FN:537,(anonymous_10)
FN:538,(anonymous_11)
FNF:12
FNH:0
FNDA:0,(anonymous_0)
FNDA:0,(anonymous_1)
FNDA:0,(anonymous_2)
FNDA:0,(anonymous_3)
FNDA:0,(anonymous_4)
FNDA:0,(anonymous_5)
FNDA:0,(anonymous_6)
FNDA:0,(anonymous_7)
FNDA:0,(anonymous_8)
FNDA:0,(anonymous_9)
FNDA:0,(anonymous_10)
FNDA:0,(anonymous_11)
DA:15,0
DA:17,0
DA:19,0
DA:33,0
DA:34,0
DA:35,0
DA:36,0
DA:37,0
DA:38,0
DA:39,0
DA:40,0
DA:42,0
DA:43,0
DA:44,0
DA:46,0
DA:47,0
DA:48,0
DA:50,0
DA:51,0
DA:53,0
DA:54,0
DA:57,0
DA:58,0
DA:59,0
DA:60,0
DA:61,0
DA:62,0
DA:65,0
DA:67,0
DA:68,0
DA:69,0
DA:70,0
DA:71,0
DA:73,0
DA:76,0
DA:78,0
DA:103,0
DA:105,0
DA:108,0
DA:111,0
DA:113,0
DA:114,0
DA:115,0
DA:116,0
DA:121,0
DA:122,0
DA:123,0
DA:125,0
DA:132,0
DA:133,0
DA:135,0
DA:136,0
DA:138,0
DA:139,0
DA:143,0
DA:145,0
DA:150,0
DA:152,0
DA:154,0
DA:155,0
DA:156,0
DA:157,0
DA:166,0
DA:168,0
DA:173,0
DA:174,0
DA:175,0
DA:176,0
DA:177,0
DA:178,0
DA:182,0
DA:185,0
DA:186,0
DA:187,0
DA:188,0
DA:189,0
DA:190,0
DA:193,0
DA:198,0
DA:199,0
DA:200,0
DA:203,0
DA:204,0
DA:205,0
DA:206,0
DA:207,0
DA:208,0
DA:209,0
DA:212,0
DA:214,0
DA:219,0
DA:234,0
DA:235,0
DA:238,0
DA:241,0
DA:242,0
DA:244,0
DA:247,0
DA:248,0
DA:249,0
DA:250,0
DA:251,0
DA:252,0
DA:255,0
DA:256,0
DA:257,0
DA:259,0
DA:261,0
DA:262,0
DA:263,0
DA:264,0
DA:265,0
DA:268,0
DA:269,0
DA:270,0
DA:272,0
DA:273,0
DA:274,0
DA:277,0
DA:278,0
DA:282,0
DA:294,0
DA:296,0
DA:297,0
DA:298,0
DA:299,0
DA:300,0
DA:301,0
DA:303,0
DA:304,0
DA:306,0
DA:307,0
DA:309,0
DA:310,0
DA:313,0
DA:314,0
DA:316,0
DA:317,0
DA:319,0
DA:322,0
DA:323,0
DA:326,0
DA:327,0
DA:328,0
DA:331,0
DA:332,0
DA:337,0
DA:338,0
DA:339,0
DA:340,0
DA:342,0
DA:343,0
DA:344,0
DA:345,0
DA:346,0
DA:347,0
DA:348,0
DA:349,0
DA:350,0
DA:351,0
DA:352,0
DA:354,0
DA:358,0
DA:359,0
DA:360,0
DA:361,0
DA:362,0
DA:365,0
DA:366,0
DA:367,0
DA:368,0
DA:369,0
DA:370,0
DA:371,0
DA:372,0
DA:373,0
DA:376,0
DA:390,0
DA:391,0
DA:392,0
DA:395,0
DA:396,0
DA:399,0
DA:402,0
DA:403,0
DA:404,0
DA:405,0
DA:406,0
DA:407,0
DA:409,0
DA:415,0
DA:416,0
DA:418,0
DA:420,0
DA:421,0
DA:422,0
DA:424,0
DA:425,0
DA:427,0
DA:429,0
DA:435,0
DA:436,0
DA:437,0
DA:438,0
DA:439,0
DA:453,0
DA:455,0
DA:456,0
DA:457,0
DA:458,0
DA:461,0
DA:464,0
DA:478,0
DA:479,0
DA:480,0
DA:482,0
DA:484,0
DA:486,0
DA:487,0
DA:490,0
DA:493,0
DA:494,0
DA:497,0
DA:498,0
DA:502,0
DA:504,0
DA:505,0
DA:506,0
DA:507,0
DA:508,0
DA:510,0
DA:513,0
DA:514,0
DA:517,0
DA:518,0
DA:519,0
DA:520,0
DA:524,0
DA:525,0
DA:526,0
DA:527,0
DA:528,0
DA:535,0
DA:536,0
DA:537,0
DA:538,0
DA:541,0
DA:544,0
DA:546,0
DA:547,0
DA:548,0
DA:549,0
DA:552,0
DA:553,0
DA:558,0
DA:559,0
DA:562,0
DA:566,0
DA:569,0
DA:570,0
DA:574,0
DA:576,0
DA:577,0
DA:579,0
DA:580,0
DA:585,0
DA:587,0
LF:267
LH:0
BRDA:65,0,0,0
BRDA:65,0,1,0
BRDA:76,1,0,0
BRDA:76,1,1,0
BRDA:78,2,0,0
BRDA:78,2,1,0
BRDA:78,3,0,0
BRDA:78,3,1,0
BRDA:102,4,0,0
BRDA:103,5,0,0
BRDA:103,5,1,0
BRDA:103,6,0,0
BRDA:103,6,1,0
BRDA:108,7,0,0
BRDA:108,7,1,0
BRDA:108,8,0,0
BRDA:108,8,1,0
BRDA:113,9,0,0
BRDA:113,9,1,0
BRDA:115,10,0,0
BRDA:115,10,1,0
BRDA:132,11,0,0
BRDA:132,11,1,0
BRDA:132,12,0,0
BRDA:132,12,1,0
BRDA:143,13,0,0
BRDA:143,13,1,0
BRDA:143,14,0,0
BRDA:143,14,1,0
BRDA:150,15,0,0
BRDA:150,15,1,0
BRDA:150,16,0,0
BRDA:150,16,1,0
BRDA:166,17,0,0
BRDA:166,17,1,0
BRDA:166,18,0,0
BRDA:166,18,1,0
BRDA:166,18,2,0
BRDA:173,19,0,0
BRDA:173,19,1,0
BRDA:173,20,0,0
BRDA:173,20,1,0
BRDA:173,20,2,0
BRDA:176,21,0,0
BRDA:176,21,1,0
BRDA:185,22,0,0
BRDA:185,22,1,0
BRDA:185,23,0,0
BRDA:185,23,1,0
BRDA:185,23,2,0
BRDA:188,24,0,0
BRDA:188,24,1,0
BRDA:198,25,0,0
BRDA:198,25,1,0
BRDA:198,26,0,0
BRDA:198,26,1,0
BRDA:203,27,0,0
BRDA:203,27,1,0
BRDA:203,28,0,0
BRDA:203,28,1,0
BRDA:205,29,0,0
BRDA:205,29,1,0
BRDA:205,29,2,0
BRDA:205,29,3,0
BRDA:233,30,0,0
BRDA:233,31,0,0
BRDA:233,32,0,0
BRDA:238,33,0,0
BRDA:238,33,1,0
BRDA:273,34,0,0
BRDA:273,34,1,0
BRDA:273,35,0,0
BRDA:273,35,1,0
BRDA:294,36,0,0
BRDA:294,36,1,0
BRDA:314,37,0,0
BRDA:314,37,1,0
BRDA:319,38,0,0
BRDA:319,38,1,0
BRDA:342,39,0,0
BRDA:342,39,1,0
BRDA:344,40,0,0
BRDA:344,40,1,0
BRDA:347,41,0,0
BRDA:347,41,1,0
BRDA:350,42,0,0
BRDA:350,42,1,0
BRDA:390,43,0,0
BRDA:390,43,1,0
BRDA:390,44,0,0
BRDA:390,44,1,0
BRDA:390,44,2,0
BRDA:390,44,3,0
BRDA:399,45,0,0
BRDA:399,45,1,0
BRDA:407,46,0,0
BRDA:407,46,1,0
BRDA:409,47,0,0
BRDA:409,47,1,0
BRDA:409,48,0,0
BRDA:409,48,1,0
BRDA:418,49,0,0
BRDA:418,49,1,0
BRDA:418,50,0,0
BRDA:418,50,1,0
BRDA:424,51,0,0
BRDA:424,51,1,0
BRDA:435,52,0,0
BRDA:435,52,1,0
BRDA:435,53,0,0
BRDA:435,53,1,0
BRDA:455,54,0,0
BRDA:455,54,1,0
BRDA:456,55,0,0
BRDA:456,55,1,0
BRDA:458,56,0,0
BRDA:458,56,1,0
BRDA:478,57,0,0
BRDA:486,58,0,0
BRDA:486,58,1,0
BRDA:502,59,0,0
BRDA:502,59,1,0
BRDA:525,60,0,0
BRDA:525,60,1,0
BRDA:526,61,0,0
BRDA:526,61,1,0
BRDA:527,62,0,0
BRDA:527,62,1,0
BRDA:528,63,0,0
BRDA:528,63,1,0
BRDA:544,64,0,0
BRDA:544,64,1,0
BRDA:544,64,2,0
BRDA:544,64,3,0
BRDA:544,64,4,0
BRDA:544,64,5,0
BRDA:544,64,6,0
BRDA:544,64,7,0
BRDA:544,64,8,0
BRDA:544,64,9,0
BRDA:544,64,10,0
BRDA:544,64,11,0
BRDA:544,64,12,0
BRDA:544,64,13,0
BRDA:544,64,14,0
BRDA:570,65,0,0
BRDA:570,65,1,0
BRDA:570,65,2,0
BRDA:574,66,0,0
BRDA:574,66,1,0
BRF:150
BRH:0
end_of_record
